
   INFO  Server running on [http://127.0.0.1:8000].

  Press Ctrl+C to stop the server

  2026-05-09 06:40:54 /login ..................................... ~ 500.61ms
  2026-05-09 06:40:54 /build/assets/app-QEbAMO02.css ............... ~ 0.05ms
  2026-05-09 06:40:54 /build/assets/login-At_ogyDo.js .............. ~ 0.07ms
  2026-05-09 06:40:54 /build/assets/input-error-3LXZZG26.js ........ ~ 0.23ms
  2026-05-09 06:40:54 /build/assets/text-link-CB4fZ42Q.js .......... ~ 0.34ms
  2026-05-09 06:40:54 /build/assets/button-D6Z0kbVj.js ............. ~ 0.47ms
  2026-05-09 06:40:54 /build/assets/app-B6Up1OSr.js ................ ~ 0.68ms
  2026-05-09 06:40:54 /build/assets/checkbox-ChffnQVS.js ........... ~ 0.91ms
  2026-05-09 06:40:54 /_debugbar/assets ............................ ~ 0.07ms
  2026-05-09 06:40:54 /build/assets/input-BrHqyMdy.js .............. ~ 0.56ms
  2026-05-09 06:40:54 /build/assets/label-DwcDy9xG.js .............. ~ 0.76ms
  2026-05-09 06:40:54 /build/assets/spinner---bRd4Zb.js ............ ~ 0.93ms
  2026-05-09 06:40:54 /build/assets/auth-layout-TJhiCFzU.js ........ ~ 0.61ms
  2026-05-09 06:40:54 /build/assets/index-DSmE5RgD.js .............. ~ 0.70ms
  2026-05-09 06:40:54 /build/assets/index-Bzi9sE1E.js .............. ~ 0.91ms
  2026-05-09 06:40:54 /build/assets/index-CXrC9bsK.js .............. ~ 0.27ms
  2026-05-09 06:40:54 /build/assets/index-tveDhmkf.js .............. ~ 0.41ms
  2026-05-09 06:40:54 /build/assets/index-C5ypGDTW.js .............. ~ 0.55ms
  2026-05-09 06:40:54 /build/assets/check-IRJmHGJ5.js .............. ~ 0.68ms
  2026-05-09 06:40:54 /build/assets/index-BcGDZ8XW.js .............. ~ 0.81ms
  2026-05-09 06:40:54 /_debugbar/assets ............................ ~ 0.03ms
  2026-05-09 06:40:54 /build/assets/loader-circle-DpsEhU3j.js ...... ~ 0.36ms
  2026-05-09 06:40:54 /build/assets/app-logo-icon-sGWbGwwf.js ...... ~ 0.45ms
  2026-05-09 06:40:54 /build/assets/index-CHtEOHk9.js .............. ~ 0.54ms
  2026-05-09 06:40:54 /build/assets/app-QEbAMO02.css ............... ~ 0.03ms
  2026-05-09 06:40:55 /logo.png .................................... ~ 0.03ms
  2026-05-09 06:40:55 /login ..................................... ~ 500.50ms
  2026-05-09 06:40:56 /dashboard ................................... ~ 0.05ms
  2026-05-09 06:40:56 /_debugbar/open ............................ ~ 502.18ms
  2026-05-09 06:40:56 /_debugbar/open ............................ ~ 502.53ms
  2026-05-09 06:40:56 /build/assets/app-layout-FykHyDPg.js ......... ~ 0.07ms
  2026-05-09 06:40:56 /build/assets/dashboard-Bu_KpLvg.js .......... ~ 0.20ms
  2026-05-09 06:40:56 /build/assets/index-CqwgE1dH.js .............. ~ 0.29ms
  2026-05-09 06:40:56 /build/assets/index-u9i9DoYh.js .............. ~ 0.42ms
  2026-05-09 06:40:56 /build/assets/x-Ca7nn74i.js .................. ~ 0.54ms
  2026-05-09 06:40:56 /build/assets/index-VlQ87o2c.js .............. ~ 0.11ms
  2026-05-09 06:40:56 /build/assets/dropdown-menu-DMjK_pbb.js ...... ~ 0.27ms
  2026-05-09 06:40:56 /build/assets/building-2-h1dDDNxX.js ......... ~ 0.17ms
  2026-05-09 06:40:56 /build/assets/settings-CIbSDS6j.js ........... ~ 0.51ms
  2026-05-09 06:40:56 /build/assets/chevrons-up-down-Dpw-LWUF.js ... ~ 0.64ms
  2026-05-09 06:40:56 /build/assets/circle-alert-BgKIQhl3.js ....... ~ 0.38ms
  2026-05-09 06:40:56 /build/assets/calendar-CLvdZFnm.js ........... ~ 0.46ms
  2026-05-09 06:40:56 /build/assets/clock-C6mjKWwt.js .............. ~ 0.57ms
  2026-05-09 06:40:56 /build/assets/badge-CGj-3o_r.js .............. ~ 0.04ms
  2026-05-09 06:40:56 /build/assets/map-pin-CUZHpnHj.js ............ ~ 0.18ms
  2026-05-09 06:40:56 /requirements/create ......................... ~ 0.02ms
  2026-05-09 06:40:56 /build/assets/app-QEbAMO02.css ............... ~ 0.03ms
  2026-05-09 06:40:56 /build/assets/Create-5Hm6Vvdc.js ............. ~ 0.07ms
  2026-05-09 06:40:56 /build/assets/form-QmSuGM48.js ............... ~ 0.24ms
  2026-05-09 06:40:56 /build/assets/textarea-Ceo9a-TV.js ........... ~ 0.39ms
  2026-05-09 06:40:56 /build/assets/GenericCombobox-Bvl50PaA.js .... ~ 0.50ms
  2026-05-09 06:40:56 /build/assets/app-B6Up1OSr.js ................ ~ 0.60ms
  2026-05-09 06:40:56 /build/assets/command-B31qrOQC.js ............ ~ 3.45ms
  2026-05-09 06:40:56 /build/assets/app-layout-FykHyDPg.js ......... ~ 0.07ms
  2026-05-09 06:40:56 /build/assets/ErrorMessage-xc1rChxB.js ....... ~ 0.20ms
  2026-05-09 06:40:56 /build/assets/select-DKtId6BL.js ............. ~ 0.29ms
  2026-05-09 06:40:56 /build/assets/Columns-D7P3s0se.js ............ ~ 0.41ms
  2026-05-09 06:40:56 /build/assets/InlineStatusUpdate-BwJFGQDC.js . ~ 0.53ms
  2026-05-09 06:40:56 /build/assets/button-D6Z0kbVj.js ............. ~ 0.49ms
  2026-05-09 06:40:56 /build/assets/TableRowActions-ByLLKCn4.js .... ~ 0.06ms
  2026-05-09 06:40:56 /build/assets/AlertDialogDestructive-BVNqG8Pf.js  ~ 0.13ms
  2026-05-09 06:40:56 /build/assets/index-CqwgE1dH.js .............. ~ 0.18ms
  2026-05-09 06:40:56 /build/assets/square-pen-Dbbt4zH-.js ......... ~ 0.32ms
  2026-05-09 06:40:56 /build/assets/ellipsis-mTL8Azdy.js ........... ~ 0.52ms
  2026-05-09 06:40:56 /build/assets/index-CXrC9bsK.js .............. ~ 0.64ms
  2026-05-09 06:40:56 /build/assets/layout-list-DZLHUPRX.js ........ ~ 0.60ms
  2026-05-09 06:40:56 /build/assets/plus-Za7cYE7B.js ............... ~ 0.17ms
  2026-05-09 06:40:56 /build/assets/index-u9i9DoYh.js .............. ~ 0.30ms
  2026-05-09 06:40:56 /build/assets/index-C5ypGDTW.js .............. ~ 0.43ms
  2026-05-09 06:40:56 /build/assets/x-Ca7nn74i.js .................. ~ 0.56ms
  2026-05-09 06:40:56 /build/assets/index-VlQ87o2c.js .............. ~ 0.71ms
  2026-05-09 06:40:56 /build/assets/dropdown-menu-DMjK_pbb.js ...... ~ 0.11ms
  2026-05-09 06:40:56 /build/assets/index-BcGDZ8XW.js .............. ~ 0.19ms
  2026-05-09 06:40:56 /build/assets/index-DSmE5RgD.js .............. ~ 0.32ms
  2026-05-09 06:40:56 /build/assets/settings-CIbSDS6j.js ........... ~ 0.44ms
  2026-05-09 06:40:56 /build/assets/chevrons-up-down-Dpw-LWUF.js ... ~ 0.55ms
  2026-05-09 06:40:56 /build/assets/app-logo-icon-sGWbGwwf.js ...... ~ 0.60ms
  2026-05-09 06:40:56 /build/assets/building-2-h1dDDNxX.js ......... ~ 0.07ms
  2026-05-09 06:40:56 /build/assets/loader-circle-DpsEhU3j.js ...... ~ 0.19ms
  2026-05-09 06:40:56 /build/assets/input-BrHqyMdy.js .............. ~ 0.26ms
  2026-05-09 06:40:56 /build/assets/check-IRJmHGJ5.js .............. ~ 0.43ms
  2026-05-09 06:40:56 /build/assets/index-tveDhmkf.js .............. ~ 0.57ms
  2026-05-09 06:40:56 /build/assets/badge-CGj-3o_r.js .............. ~ 0.69ms
  2026-05-09 06:40:56 /build/assets/checkbox-ChffnQVS.js ........... ~ 0.04ms
  2026-05-09 06:40:56 /build/assets/label-DwcDy9xG.js .............. ~ 0.15ms
  2026-05-09 06:40:56 /build/assets/app-QEbAMO02.css ............... ~ 0.02ms
  2026-05-09 06:40:56 /logo.png .................................... ~ 0.11ms
  2026-05-09 06:42:37 /login ....................................... ~ 0.21ms
  2026-05-09 06:42:37 /build/assets/app-QEbAMO02.css ............... ~ 0.04ms
  2026-05-09 06:42:37 /build/assets/login-At_ogyDo.js .............. ~ 0.17ms
  2026-05-09 06:42:37 /build/assets/input-error-3LXZZG26.js ........ ~ 0.36ms
  2026-05-09 06:42:37 /build/assets/text-link-CB4fZ42Q.js .......... ~ 0.47ms
  2026-05-09 06:42:37 /build/assets/button-D6Z0kbVj.js ............. ~ 0.58ms
  2026-05-09 06:42:37 /build/assets/app-B6Up1OSr.js ................ ~ 0.76ms
  2026-05-09 06:42:37 /build/assets/checkbox-ChffnQVS.js ........... ~ 0.85ms
  2026-05-09 06:42:37 /_debugbar/assets .......................... ~ 500.65ms
  2026-05-09 06:42:37 /build/assets/input-BrHqyMdy.js ............ ~ 500.98ms
  2026-05-09 06:42:37 /build/assets/label-DwcDy9xG.js ............ ~ 501.15ms
  2026-05-09 06:42:37 /build/assets/spinner---bRd4Zb.js ............ ~ 0.43ms
  2026-05-09 06:42:37 /build/assets/auth-layout-TJhiCFzU.js ........ ~ 0.54ms
  2026-05-09 06:42:37 /build/assets/index-DSmE5RgD.js .............. ~ 0.64ms
  2026-05-09 06:42:37 /build/assets/index-Bzi9sE1E.js .............. ~ 0.07ms
  2026-05-09 06:42:37 /build/assets/index-CXrC9bsK.js .............. ~ 0.35ms
  2026-05-09 06:42:37 /build/assets/index-tveDhmkf.js .............. ~ 0.56ms
  2026-05-09 06:42:37 /build/assets/index-C5ypGDTW.js .............. ~ 0.74ms
  2026-05-09 06:42:37 /build/assets/check-IRJmHGJ5.js .............. ~ 0.90ms
  2026-05-09 06:42:37 /build/assets/index-BcGDZ8XW.js .............. ~ 1.03ms
  2026-05-09 06:42:37 /_debugbar/assets ............................ ~ 0.03ms
  2026-05-09 06:42:37 /build/assets/loader-circle-DpsEhU3j.js ...... ~ 0.29ms
  2026-05-09 06:42:37 /build/assets/app-logo-icon-sGWbGwwf.js ...... ~ 0.42ms
  2026-05-09 06:42:37 /build/assets/index-CHtEOHk9.js .............. ~ 0.51ms
  2026-05-09 06:42:38 /build/assets/app-QEbAMO02.css ............... ~ 0.03ms
  2026-05-09 06:42:38 /logo.png .................................... ~ 0.03ms
  2026-05-09 06:42:38 /login ..................................... ~ 500.46ms
  2026-05-09 06:42:39 /dashboard ................................... ~ 0.03ms
  2026-05-09 06:42:39 /_debugbar/open .............................. ~ 0.03ms
  2026-05-09 06:42:39 /_debugbar/open ............................ ~ 500.74ms
  2026-05-09 06:42:39 /build/assets/app-layout-FykHyDPg.js ......... ~ 0.09ms
  2026-05-09 06:42:39 /build/assets/dashboard-Bu_KpLvg.js ........ ~ 501.92ms
  2026-05-09 06:42:39 /build/assets/index-CqwgE1dH.js .............. ~ 0.39ms
  2026-05-09 06:42:39 /build/assets/index-u9i9DoYh.js .............. ~ 0.51ms
  2026-05-09 06:42:39 /build/assets/x-Ca7nn74i.js .................. ~ 0.65ms
  2026-05-09 06:42:39 /build/assets/index-VlQ87o2c.js .............. ~ 0.06ms
  2026-05-09 06:42:39 /build/assets/dropdown-menu-DMjK_pbb.js ...... ~ 0.21ms
  2026-05-09 06:42:39 /build/assets/building-2-h1dDDNxX.js ......... ~ 0.23ms
  2026-05-09 06:42:39 /build/assets/circle-alert-BgKIQhl3.js ....... ~ 0.18ms
  2026-05-09 06:42:39 /build/assets/settings-CIbSDS6j.js ........... ~ 0.63ms
  2026-05-09 06:42:39 /build/assets/chevrons-up-down-Dpw-LWUF.js ... ~ 0.76ms
  2026-05-09 06:42:39 /build/assets/calendar-CLvdZFnm.js ........... ~ 0.49ms
  2026-05-09 06:42:39 /build/assets/clock-C6mjKWwt.js .............. ~ 0.59ms
  2026-05-09 06:42:39 /build/assets/badge-CGj-3o_r.js .............. ~ 0.05ms
  2026-05-09 06:42:39 /build/assets/map-pin-CUZHpnHj.js ............ ~ 0.20ms
  2026-05-09 06:42:39 /requirements/create ......................... ~ 0.03ms
  2026-05-09 06:42:39 /build/assets/app-QEbAMO02.css ............... ~ 0.03ms
  2026-05-09 06:42:39 /build/assets/Create-5Hm6Vvdc.js ............. ~ 0.11ms
  2026-05-09 06:42:39 /build/assets/form-QmSuGM48.js ............... ~ 0.25ms
  2026-05-09 06:42:39 /build/assets/textarea-Ceo9a-TV.js ........... ~ 1.17ms
  2026-05-09 06:42:39 /build/assets/GenericCombobox-Bvl50PaA.js .... ~ 1.32ms
  2026-05-09 06:42:39 /build/assets/command-B31qrOQC.js ............ ~ 1.39ms
  2026-05-09 06:42:39 /build/assets/app-B6Up1OSr.js ................ ~ 1.56ms
  2026-05-09 06:42:39 /build/assets/app-layout-FykHyDPg.js ......... ~ 0.68ms
  2026-05-09 06:42:39 /build/assets/ErrorMessage-xc1rChxB.js ....... ~ 1.28ms
  2026-05-09 06:42:39 /build/assets/select-DKtId6BL.js ............. ~ 1.43ms
  2026-05-09 06:42:39 /build/assets/Columns-D7P3s0se.js ............ ~ 1.57ms
  2026-05-09 06:42:39 /build/assets/InlineStatusUpdate-BwJFGQDC.js . ~ 1.69ms
  2026-05-09 06:42:39 /build/assets/button-D6Z0kbVj.js ............. ~ 1.76ms
  2026-05-09 06:42:39 /build/assets/TableRowActions-ByLLKCn4.js .... ~ 0.07ms
  2026-05-09 06:42:39 /build/assets/AlertDialogDestructive-BVNqG8Pf.js  ~ 0.15ms
  2026-05-09 06:42:39 /build/assets/index-CqwgE1dH.js .............. ~ 0.21ms
  2026-05-09 06:42:39 /build/assets/square-pen-Dbbt4zH-.js ......... ~ 0.36ms
  2026-05-09 06:42:39 /build/assets/ellipsis-mTL8Azdy.js ........... ~ 0.54ms
  2026-05-09 06:42:39 /build/assets/index-CXrC9bsK.js .............. ~ 0.66ms
  2026-05-09 06:42:39 /build/assets/layout-list-DZLHUPRX.js ........ ~ 0.52ms
  2026-05-09 06:42:39 /build/assets/plus-Za7cYE7B.js ............... ~ 0.49ms
  2026-05-09 06:42:39 /build/assets/index-u9i9DoYh.js .............. ~ 0.36ms
  2026-05-09 06:42:39 /build/assets/index-C5ypGDTW.js .............. ~ 0.49ms
  2026-05-09 06:42:39 /build/assets/index-VlQ87o2c.js .............. ~ 0.53ms
  2026-05-09 06:42:39 /build/assets/dropdown-menu-DMjK_pbb.js ...... ~ 0.79ms
  2026-05-09 06:42:39 /build/assets/x-Ca7nn74i.js .................. ~ 1.05ms
  2026-05-09 06:42:39 /build/assets/index-BcGDZ8XW.js .............. ~ 0.08ms
  2026-05-09 06:42:39 /build/assets/index-DSmE5RgD.js .............. ~ 0.29ms
  2026-05-09 06:42:39 /build/assets/settings-CIbSDS6j.js ........... ~ 0.43ms
  2026-05-09 06:42:39 /build/assets/chevrons-up-down-Dpw-LWUF.js ... ~ 0.56ms
  2026-05-09 06:42:39 /build/assets/app-logo-icon-sGWbGwwf.js ...... ~ 0.66ms
  2026-05-09 06:42:39 /build/assets/building-2-h1dDDNxX.js ......... ~ 0.76ms
  2026-05-09 06:42:39 /build/assets/loader-circle-DpsEhU3j.js ...... ~ 0.30ms
  2026-05-09 06:42:39 /build/assets/input-BrHqyMdy.js .............. ~ 0.26ms
  2026-05-09 06:42:39 /build/assets/check-IRJmHGJ5.js .............. ~ 0.45ms
  2026-05-09 06:42:39 /build/assets/index-tveDhmkf.js .............. ~ 0.59ms
  2026-05-09 06:42:39 /build/assets/badge-CGj-3o_r.js .............. ~ 0.73ms
  2026-05-09 06:42:39 /build/assets/checkbox-ChffnQVS.js ......... ~ 501.43ms
  2026-05-09 06:42:39 /build/assets/app-QEbAMO02.css ............. ~ 500.73ms
  2026-05-09 06:42:39 /build/assets/label-DwcDy9xG.js .............. ~ 0.53ms
  2026-05-09 06:42:39 /logo.png .................................... ~ 0.03ms
