
   INFO  Server running on [http://127.0.0.1:8000].

  Press Ctrl+C to stop the server

  2026-06-11 05:32:39 /login ........................................... ~ 1s
  2026-06-11 05:32:40 /build/assets/app-CTtEV4y4.css ............... ~ 0.05ms
  2026-06-11 05:32:40 /build/assets/app-C8Ggl87-.js ................ ~ 0.03ms
  2026-06-11 05:32:40 /build/assets/login-Dzh-h17g.js .............. ~ 0.09ms
  2026-06-11 05:32:40 /build/assets/input-error-BTLFUYy8.js ........ ~ 0.23ms
  2026-06-11 05:32:40 /build/assets/text-link-CSoec2uC.js .......... ~ 0.33ms
  2026-06-11 05:32:40 /build/assets/button-5T1vwz7h.js ............. ~ 0.44ms
  2026-06-11 05:32:40 /build/assets/checkbox-DCAIBSVl.js ........... ~ 0.56ms
  2026-06-11 05:32:40 /build/assets/input-Chfec9Ut.js .............. ~ 0.67ms
  2026-06-11 05:32:40 /build/assets/label-BOLrVtPs.js .............. ~ 0.13ms
  2026-06-11 05:32:40 /build/assets/spinner-WQlC3Liu.js ............ ~ 0.36ms
  2026-06-11 05:32:40 /build/assets/auth-layout-BL-PewUP.js ........ ~ 0.48ms
  2026-06-11 05:32:40 /build/assets/index-Bhz_ry2-.js .............. ~ 0.57ms
  2026-06-11 05:32:40 /build/assets/index-_tz1FyI2.js .............. ~ 0.81ms
  2026-06-11 05:32:40 /build/assets/index-Cmvk7tHf.js .............. ~ 1.02ms
  2026-06-11 05:32:40 /_debugbar/assets ............................ ~ 0.43ms
  2026-06-11 05:32:40 /build/assets/index-DfnlAyco.js .............. ~ 0.80ms
  2026-06-11 05:32:40 /build/assets/index-CWQgIVzv.js .............. ~ 0.83ms
  2026-06-11 05:32:40 /build/assets/check-CMDVCFnE.js .............. ~ 0.56ms
  2026-06-11 05:32:40 /build/assets/createLucideIcon-DqZP-Ku8.js ... ~ 0.68ms
  2026-06-11 05:32:40 /build/assets/index-Bq72hOse.js .............. ~ 0.51ms
  2026-06-11 05:32:40 /_debugbar/assets ............................ ~ 0.03ms
  2026-06-11 05:32:40 /build/assets/loader-circle-DOjfw63j.js ...... ~ 0.27ms
  2026-06-11 05:32:40 /build/assets/app-logo-icon-DDrT6k0I.js ...... ~ 0.36ms
  2026-06-11 05:32:40 /build/assets/index-Dby2qiUZ.js .............. ~ 0.44ms
  2026-06-11 05:32:40 /build/assets/app-CTtEV4y4.css ............... ~ 0.12ms
  2026-06-11 05:32:41 /logo.png .................................... ~ 0.17ms
  2026-06-11 05:32:42 /login ....................................... ~ 0.11ms
  2026-06-11 05:32:42 /login ....................................... ~ 0.03ms
  2026-06-11 05:32:42 /_debugbar/open .............................. ~ 0.04ms
  2026-06-11 05:32:42 /_debugbar/open .............................. ~ 0.26ms
  2026-06-11 05:33:54 /login ....................................... ~ 0.11ms
  2026-06-11 05:33:54 /build/assets/app-CTtEV4y4.css ............... ~ 0.04ms
  2026-06-11 05:33:54 /build/assets/login-Dzh-h17g.js .............. ~ 0.07ms
  2026-06-11 05:33:54 /build/assets/input-error-BTLFUYy8.js ........ ~ 0.20ms
  2026-06-11 05:33:54 /build/assets/text-link-CSoec2uC.js .......... ~ 0.32ms
  2026-06-11 05:33:54 /build/assets/app-C8Ggl87-.js ................ ~ 1.42ms
  2026-06-11 05:33:54 /build/assets/button-5T1vwz7h.js ............. ~ 1.58ms
  2026-06-11 05:33:54 /build/assets/checkbox-DCAIBSVl.js ........... ~ 1.77ms
  2026-06-11 05:33:54 /_debugbar/assets .......................... ~ 500.54ms
  2026-06-11 05:33:54 /build/assets/input-Chfec9Ut.js ............ ~ 500.97ms
  2026-06-11 05:33:54 /build/assets/label-BOLrVtPs.js ............ ~ 501.13ms
  2026-06-11 05:33:55 /build/assets/spinner-WQlC3Liu.js ............ ~ 0.38ms
  2026-06-11 05:33:55 /build/assets/auth-layout-BL-PewUP.js ........ ~ 0.50ms
  2026-06-11 05:33:55 /build/assets/index-Bhz_ry2-.js .............. ~ 0.61ms
  2026-06-11 05:33:55 /build/assets/index-_tz1FyI2.js .............. ~ 0.10ms
  2026-06-11 05:33:55 /build/assets/index-Cmvk7tHf.js .............. ~ 0.26ms
  2026-06-11 05:33:55 /build/assets/index-DfnlAyco.js .............. ~ 0.39ms
  2026-06-11 05:33:55 /build/assets/index-CWQgIVzv.js .............. ~ 0.52ms
  2026-06-11 05:33:55 /build/assets/check-CMDVCFnE.js .............. ~ 0.65ms
  2026-06-11 05:33:55 /build/assets/createLucideIcon-DqZP-Ku8.js ... ~ 0.80ms
  2026-06-11 05:33:55 /build/assets/index-Bq72hOse.js .............. ~ 0.12ms
  2026-06-11 05:33:55 /build/assets/loader-circle-DOjfw63j.js ...... ~ 0.24ms
  2026-06-11 05:33:55 /build/assets/app-logo-icon-DDrT6k0I.js ...... ~ 0.32ms
  2026-06-11 05:33:55 /build/assets/index-Dby2qiUZ.js .............. ~ 0.45ms
  2026-06-11 05:33:55 /_debugbar/assets ............................ ~ 0.58ms
  2026-06-11 05:33:55 /build/assets/app-CTtEV4y4.css ............... ~ 0.07ms
  2026-06-11 05:33:55 /logo.png .................................... ~ 0.03ms
  2026-06-11 05:33:55 /login ....................................... ~ 0.16ms
  2026-06-11 05:33:55 /login ....................................... ~ 0.03ms
  2026-06-11 05:33:55 /_debugbar/open .............................. ~ 0.03ms
  2026-06-11 05:33:55 /_debugbar/open .............................. ~ 0.30ms
  2026-06-11 05:34:00 /meetings/create ............................. ~ 0.10ms
  2026-06-11 05:34:00 /login ....................................... ~ 0.03ms
  2026-06-11 05:34:00 /build/assets/app-CTtEV4y4.css ............... ~ 0.12ms
  2026-06-11 05:34:00 /build/assets/login-Dzh-h17g.js .............. ~ 0.07ms
  2026-06-11 05:34:00 /build/assets/input-error-BTLFUYy8.js ........ ~ 0.20ms
  2026-06-11 05:34:00 /build/assets/text-link-CSoec2uC.js .......... ~ 0.30ms
  2026-06-11 05:34:00 /build/assets/app-C8Ggl87-.js ................ ~ 0.45ms
  2026-06-11 05:34:00 /build/assets/button-5T1vwz7h.js ............. ~ 0.59ms
  2026-06-11 05:34:00 /build/assets/checkbox-DCAIBSVl.js ........... ~ 0.77ms
  2026-06-11 05:34:00 /build/assets/input-Chfec9Ut.js .............. ~ 0.38ms
  2026-06-11 05:34:00 /build/assets/label-BOLrVtPs.js .............. ~ 0.19ms
  2026-06-11 05:34:00 /build/assets/spinner-WQlC3Liu.js ............ ~ 0.32ms
  2026-06-11 05:34:00 /build/assets/auth-layout-BL-PewUP.js ........ ~ 0.43ms
  2026-06-11 05:34:00 /build/assets/index-Bhz_ry2-.js .............. ~ 0.52ms
  2026-06-11 05:34:00 /build/assets/index-_tz1FyI2.js .............. ~ 0.07ms
  2026-06-11 05:34:00 /build/assets/index-Cmvk7tHf.js .............. ~ 0.31ms
  2026-06-11 05:34:00 /build/assets/index-DfnlAyco.js .............. ~ 0.45ms
  2026-06-11 05:34:00 /build/assets/index-CWQgIVzv.js .............. ~ 0.59ms
  2026-06-11 05:34:00 /build/assets/check-CMDVCFnE.js .............. ~ 0.71ms
  2026-06-11 05:34:00 /build/assets/createLucideIcon-DqZP-Ku8.js ... ~ 0.84ms
  2026-06-11 05:34:00 /build/assets/index-Bq72hOse.js .............. ~ 0.06ms
  2026-06-11 05:34:00 /build/assets/loader-circle-DOjfw63j.js ...... ~ 0.23ms
  2026-06-11 05:34:00 /build/assets/app-logo-icon-DDrT6k0I.js ...... ~ 0.32ms
  2026-06-11 05:34:00 /build/assets/index-Dby2qiUZ.js .............. ~ 0.40ms
  2026-06-11 05:34:00 /build/assets/app-CTtEV4y4.css ............... ~ 0.03ms
  2026-06-11 05:34:01 /logo.png .................................... ~ 0.12ms
  2026-06-11 05:34:55 /login ....................................... ~ 0.11ms
  2026-06-11 05:34:55 /build/assets/app-CTtEV4y4.css ............... ~ 0.04ms
  2026-06-11 05:34:55 /build/assets/login-Dzh-h17g.js .............. ~ 0.07ms
  2026-06-11 05:34:55 /build/assets/input-error-BTLFUYy8.js ........ ~ 0.19ms
  2026-06-11 05:34:55 /build/assets/text-link-CSoec2uC.js .......... ~ 0.30ms
  2026-06-11 05:34:55 /build/assets/button-5T1vwz7h.js ............. ~ 0.40ms
  2026-06-11 05:34:55 /build/assets/app-C8Ggl87-.js ................ ~ 0.62ms
  2026-06-11 05:34:55 /build/assets/checkbox-DCAIBSVl.js ........... ~ 0.75ms
  2026-06-11 05:34:55 /_debugbar/assets ............................ ~ 0.05ms
  2026-06-11 05:34:55 /build/assets/input-Chfec9Ut.js .............. ~ 0.52ms
  2026-06-11 05:34:55 /build/assets/label-BOLrVtPs.js .............. ~ 0.72ms
  2026-06-11 05:34:55 /build/assets/spinner-WQlC3Liu.js ............ ~ 0.44ms
  2026-06-11 05:34:55 /build/assets/auth-layout-BL-PewUP.js ........ ~ 0.55ms
  2026-06-11 05:34:55 /build/assets/index-Bhz_ry2-.js .............. ~ 0.64ms
  2026-06-11 05:34:55 /build/assets/index-_tz1FyI2.js .............. ~ 0.06ms
  2026-06-11 05:34:55 /build/assets/index-Cmvk7tHf.js .............. ~ 0.22ms
  2026-06-11 05:34:55 /build/assets/index-DfnlAyco.js .............. ~ 0.37ms
  2026-06-11 05:34:55 /build/assets/index-CWQgIVzv.js .............. ~ 0.56ms
  2026-06-11 05:34:55 /build/assets/check-CMDVCFnE.js .............. ~ 0.71ms
  2026-06-11 05:34:55 /build/assets/createLucideIcon-DqZP-Ku8.js ... ~ 0.83ms
  2026-06-11 05:34:55 /build/assets/index-Bq72hOse.js .............. ~ 0.27ms
  2026-06-11 05:34:55 /build/assets/loader-circle-DOjfw63j.js ...... ~ 0.19ms
  2026-06-11 05:34:55 /build/assets/app-logo-icon-DDrT6k0I.js ...... ~ 0.27ms
  2026-06-11 05:34:55 /build/assets/index-Dby2qiUZ.js .............. ~ 0.35ms
  2026-06-11 05:34:55 /_debugbar/assets ............................ ~ 0.52ms
  2026-06-11 05:34:56 /build/assets/app-CTtEV4y4.css ............... ~ 0.10ms
  2026-06-11 05:34:56 /logo.png .................................... ~ 0.04ms
  2026-06-11 05:34:56 /login ....................................... ~ 0.16ms
  2026-06-11 05:34:56 /login ....................................... ~ 0.03ms
  2026-06-11 05:34:56 /_debugbar/open .............................. ~ 0.04ms
  2026-06-11 05:34:56 /_debugbar/open .............................. ~ 0.36ms
  2026-06-11 05:34:58 /meetings/create ............................. ~ 0.17ms
  2026-06-11 05:34:58 /login ....................................... ~ 0.15ms
  2026-06-11 05:34:58 /build/assets/app-CTtEV4y4.css ............... ~ 0.05ms
  2026-06-11 05:34:58 /build/assets/app-C8Ggl87-.js ................ ~ 0.15ms
  2026-06-11 05:34:58 /build/assets/login-Dzh-h17g.js .............. ~ 0.50ms
  2026-06-11 05:34:58 /build/assets/input-error-BTLFUYy8.js ........ ~ 0.78ms
  2026-06-11 05:34:58 /build/assets/text-link-CSoec2uC.js .......... ~ 0.97ms
  2026-06-11 05:34:58 /build/assets/button-5T1vwz7h.js ............. ~ 1.17ms
  2026-06-11 05:34:58 /build/assets/checkbox-DCAIBSVl.js ........... ~ 1.48ms
  2026-06-11 05:34:58 /build/assets/input-Chfec9Ut.js .............. ~ 0.15ms
  2026-06-11 05:34:58 /build/assets/label-BOLrVtPs.js .............. ~ 0.57ms
  2026-06-11 05:34:58 /build/assets/spinner-WQlC3Liu.js ............ ~ 0.87ms
  2026-06-11 05:34:58 /build/assets/auth-layout-BL-PewUP.js ........ ~ 1.16ms
  2026-06-11 05:34:58 /build/assets/index-Bhz_ry2-.js .............. ~ 1.34ms
  2026-06-11 05:34:58 /build/assets/index-_tz1FyI2.js .............. ~ 1.67ms
  2026-06-11 05:34:58 /build/assets/index-Cmvk7tHf.js .............. ~ 0.09ms
  2026-06-11 05:34:58 /build/assets/index-DfnlAyco.js .............. ~ 0.35ms
  2026-06-11 05:34:58 /build/assets/index-CWQgIVzv.js .............. ~ 0.66ms
  2026-06-11 05:34:58 /build/assets/check-CMDVCFnE.js .............. ~ 0.90ms
  2026-06-11 05:34:58 /build/assets/createLucideIcon-DqZP-Ku8.js ... ~ 1.21ms
  2026-06-11 05:34:58 /build/assets/index-Bq72hOse.js .............. ~ 1.36ms
  2026-06-11 05:34:58 /build/assets/loader-circle-DOjfw63j.js ...... ~ 0.67ms
  2026-06-11 05:34:58 /build/assets/app-logo-icon-DDrT6k0I.js ...... ~ 0.80ms
  2026-06-11 05:34:58 /build/assets/index-Dby2qiUZ.js .............. ~ 0.99ms
  2026-06-11 05:34:58 /build/assets/app-CTtEV4y4.css ............... ~ 0.21ms
  2026-06-11 05:34:58 /logo.png .................................... ~ 0.08ms
  2026-06-11 05:35:22 /login ....................................... ~ 0.11ms
  2026-06-11 05:35:22 /build/assets/app-CTtEV4y4.css ............... ~ 0.05ms
  2026-06-11 05:35:22 /build/assets/login-Dzh-h17g.js .............. ~ 0.07ms
  2026-06-11 05:35:22 /build/assets/input-error-BTLFUYy8.js ........ ~ 0.21ms
  2026-06-11 05:35:22 /build/assets/text-link-CSoec2uC.js .......... ~ 0.31ms
  2026-06-11 05:35:22 /build/assets/button-5T1vwz7h.js ............. ~ 0.42ms
  2026-06-11 05:35:22 /build/assets/checkbox-DCAIBSVl.js ........... ~ 0.57ms
  2026-06-11 05:35:22 /build/assets/app-C8Ggl87-.js ................ ~ 0.78ms
  2026-06-11 05:35:22 /_debugbar/assets ............................ ~ 0.04ms
  2026-06-11 05:35:22 /build/assets/input-Chfec9Ut.js .............. ~ 0.31ms
  2026-06-11 05:35:22 /build/assets/label-BOLrVtPs.js .............. ~ 0.46ms
  2026-06-11 05:35:22 /build/assets/spinner-WQlC3Liu.js ............ ~ 0.37ms
  2026-06-11 05:35:22 /build/assets/auth-layout-BL-PewUP.js ........ ~ 0.50ms
  2026-06-11 05:35:22 /build/assets/index-Bhz_ry2-.js .............. ~ 0.64ms
  2026-06-11 05:35:22 /build/assets/index-_tz1FyI2.js .............. ~ 0.08ms
  2026-06-11 05:35:22 /build/assets/index-Cmvk7tHf.js .............. ~ 0.27ms
  2026-06-11 05:35:22 /build/assets/index-DfnlAyco.js .............. ~ 0.41ms
  2026-06-11 05:35:22 /build/assets/index-CWQgIVzv.js .............. ~ 0.55ms
  2026-06-11 05:35:22 /build/assets/check-CMDVCFnE.js .............. ~ 0.68ms
  2026-06-11 05:35:22 /build/assets/createLucideIcon-DqZP-Ku8.js ... ~ 0.85ms
  2026-06-11 05:35:22 /_debugbar/assets ............................ ~ 0.03ms
  2026-06-11 05:35:22 /build/assets/index-Bq72hOse.js .............. ~ 0.28ms
  2026-06-11 05:35:22 /build/assets/loader-circle-DOjfw63j.js ...... ~ 0.40ms
  2026-06-11 05:35:22 /build/assets/app-logo-icon-DDrT6k0I.js ...... ~ 0.48ms
  2026-06-11 05:35:22 /build/assets/index-Dby2qiUZ.js .............. ~ 0.56ms
  2026-06-11 05:35:23 /build/assets/app-CTtEV4y4.css ............... ~ 0.03ms
  2026-06-11 05:35:23 /logo.png .................................... ~ 0.12ms
  2026-06-11 05:35:23 /login ....................................... ~ 0.14ms
  2026-06-11 05:35:23 /login ....................................... ~ 0.08ms
  2026-06-11 05:35:23 /_debugbar/open .............................. ~ 0.09ms
  2026-06-11 05:35:23 /_debugbar/open .............................. ~ 0.93ms
  2026-06-11 05:35:25 /meetings/create ............................. ~ 0.10ms
  2026-06-11 05:35:25 /login ....................................... ~ 0.03ms
  2026-06-11 05:35:25 /build/assets/app-CTtEV4y4.css ............... ~ 0.03ms
  2026-06-11 05:35:25 /build/assets/login-Dzh-h17g.js .............. ~ 0.06ms
  2026-06-11 05:35:25 /build/assets/input-error-BTLFUYy8.js ........ ~ 0.21ms
  2026-06-11 05:35:25 /build/assets/text-link-CSoec2uC.js .......... ~ 0.30ms
  2026-06-11 05:35:25 /build/assets/app-C8Ggl87-.js ................ ~ 0.44ms
  2026-06-11 05:35:25 /build/assets/button-5T1vwz7h.js ............. ~ 0.56ms
  2026-06-11 05:35:25 /build/assets/checkbox-DCAIBSVl.js ........... ~ 0.75ms
  2026-06-11 05:35:25 /build/assets/input-Chfec9Ut.js .............. ~ 0.19ms
  2026-06-11 05:35:25 /build/assets/label-BOLrVtPs.js .............. ~ 0.21ms
  2026-06-11 05:35:25 /build/assets/spinner-WQlC3Liu.js ............ ~ 0.33ms
  2026-06-11 05:35:25 /build/assets/auth-layout-BL-PewUP.js ........ ~ 0.44ms
  2026-06-11 05:35:25 /build/assets/index-Bhz_ry2-.js .............. ~ 0.54ms
  2026-06-11 05:35:25 /build/assets/index-_tz1FyI2.js .............. ~ 0.59ms
  2026-06-11 05:35:25 /build/assets/index-Cmvk7tHf.js .............. ~ 0.28ms
  2026-06-11 05:35:25 /build/assets/index-DfnlAyco.js .............. ~ 0.40ms
  2026-06-11 05:35:25 /build/assets/createLucideIcon-DqZP-Ku8.js ... ~ 0.31ms
  2026-06-11 05:35:25 /build/assets/index-CWQgIVzv.js .............. ~ 0.59ms
  2026-06-11 05:35:25 /build/assets/check-CMDVCFnE.js .............. ~ 0.80ms
  2026-06-11 05:35:25 /build/assets/index-Bq72hOse.js .............. ~ 0.72ms
  2026-06-11 05:35:25 /build/assets/loader-circle-DOjfw63j.js ...... ~ 0.05ms
  2026-06-11 05:35:25 /build/assets/app-logo-icon-DDrT6k0I.js ...... ~ 0.12ms
  2026-06-11 05:35:25 /build/assets/index-Dby2qiUZ.js .............. ~ 0.19ms
  2026-06-11 05:35:25 /build/assets/app-CTtEV4y4.css ............... ~ 0.02ms
  2026-06-11 05:35:25 /logo.png .................................... ~ 0.02ms
  2026-06-11 05:36:00 /login ....................................... ~ 0.11ms
  2026-06-11 05:36:00 /build/assets/app-CTtEV4y4.css ............... ~ 0.03ms
  2026-06-11 05:36:00 /build/assets/login-Dzh-h17g.js .............. ~ 0.06ms
  2026-06-11 05:36:00 /build/assets/input-error-BTLFUYy8.js ........ ~ 0.21ms
  2026-06-11 05:36:00 /build/assets/app-C8Ggl87-.js ................ ~ 0.39ms
  2026-06-11 05:36:00 /build/assets/text-link-CSoec2uC.js .......... ~ 0.57ms
  2026-06-11 05:36:00 /build/assets/button-5T1vwz7h.js ............. ~ 0.68ms
  2026-06-11 05:36:00 /build/assets/checkbox-DCAIBSVl.js ........... ~ 0.81ms
  2026-06-11 05:36:00 /_debugbar/assets ............................ ~ 0.41ms
  2026-06-11 05:36:00 /build/assets/input-Chfec9Ut.js .............. ~ 0.65ms
  2026-06-11 05:36:00 /build/assets/label-BOLrVtPs.js .............. ~ 0.38ms
  2026-06-11 05:36:00 /build/assets/spinner-WQlC3Liu.js ............ ~ 0.51ms
  2026-06-11 05:36:00 /build/assets/auth-layout-BL-PewUP.js ........ ~ 0.62ms
  2026-06-11 05:36:00 /build/assets/index-Bhz_ry2-.js .............. ~ 0.71ms
  2026-06-11 05:36:00 /build/assets/index-_tz1FyI2.js .............. ~ 0.07ms
  2026-06-11 05:36:00 /build/assets/index-Cmvk7tHf.js .............. ~ 0.28ms
  2026-06-11 05:36:00 /build/assets/index-DfnlAyco.js .............. ~ 0.41ms
  2026-06-11 05:36:00 /build/assets/index-CWQgIVzv.js .............. ~ 0.54ms
  2026-06-11 05:36:00 /build/assets/check-CMDVCFnE.js .............. ~ 0.71ms
  2026-06-11 05:36:00 /build/assets/createLucideIcon-DqZP-Ku8.js ... ~ 0.84ms
  2026-06-11 05:36:00 /_debugbar/assets .......................... ~ 500.64ms
  2026-06-11 05:36:00 /build/assets/index-Bq72hOse.js ............ ~ 500.92ms
  2026-06-11 05:36:00 /build/assets/loader-circle-DOjfw63j.js .... ~ 501.03ms
  2026-06-11 05:36:00 /build/assets/app-logo-icon-DDrT6k0I.js .... ~ 501.09ms
  2026-06-11 05:36:00 /build/assets/index-Dby2qiUZ.js ............ ~ 501.17ms
  2026-06-11 05:36:00 /build/assets/app-CTtEV4y4.css ............... ~ 0.05ms
  2026-06-11 05:36:00 /logo.png .................................... ~ 0.03ms
  2026-06-11 05:36:00 /login ..................................... ~ 500.65ms
  2026-06-11 05:36:01 /dashboard ................................... ~ 0.11ms
  2026-06-11 05:36:01 /_debugbar/open .............................. ~ 0.10ms
  2026-06-11 05:36:01 /_debugbar/open .............................. ~ 0.72ms
  2026-06-11 05:36:01 /build/assets/dashboard-CM-fjFUY.js .......... ~ 0.14ms
  2026-06-11 05:36:01 /build/assets/app-layout-Ddc1nZ2_.js ......... ~ 0.59ms
  2026-06-11 05:36:01 /build/assets/ErrorMessage-Cq4aixP2.js ....... ~ 1.01ms
  2026-06-11 05:36:01 /build/assets/index-DaQhm7bw.js .............. ~ 1.38ms
  2026-06-11 05:36:01 /build/assets/Combination-BneCAovC.js ........ ~ 2.02ms
  2026-06-11 05:36:01 /build/assets/x-BTJHlNsI.js .................. ~ 0.52ms
  2026-06-11 05:36:01 /build/assets/textarea-DQI5YmS8.js ........... ~ 0.63ms
  2026-06-11 05:36:01 /build/assets/GenericCombobox-BrHKnQ91.js .... ~ 0.95ms
  2026-06-11 05:36:01 /build/assets/select-ZytnwyOG.js ............. ~ 1.16ms
  2026-06-11 05:36:01 /build/assets/index-u_Y0mYO9.js .............. ~ 1.06ms
  2026-06-11 05:36:01 /build/assets/dropdown-menu-B3sdb_1k.js ...... ~ 1.17ms
  2026-06-11 05:36:01 /build/assets/settings-CU2FFVI1.js ........... ~ 1.53ms
  2026-06-11 05:36:01 /build/assets/building-2-BX2w2S2B.js ......... ~ 1.26ms
  2026-06-11 05:36:01 /build/assets/badge-ChFlzpzP.js .............. ~ 1.02ms
  2026-06-11 05:36:01 /build/assets/circle-alert-9df2RSX5.js ....... ~ 1.25ms
  2026-06-11 05:36:01 /build/assets/file-text-CpAgqThv.js .......... ~ 1.42ms
  2026-06-11 05:36:01 /build/assets/calendar-BGNmfN3k.js ........... ~ 1.33ms
  2026-06-11 05:36:01 /build/assets/clock-C9lav-iG.js .............. ~ 1.27ms
  2026-06-11 05:36:01 /build/assets/map-pin-CcxFvwf3.js ............ ~ 1.62ms
  2026-06-11 05:36:01 /build/assets/card-sX4WHo9S.js ............... ~ 0.88ms
  2026-06-11 05:36:01 /build/assets/video-COdDwfA1.js .............. ~ 0.88ms
  2026-06-11 05:36:02 /meetings/create ............................. ~ 0.11ms
  2026-06-11 05:36:02 /build/assets/app-CTtEV4y4.css ............... ~ 0.03ms
  2026-06-11 05:36:02 /build/assets/app-C8Ggl87-.js ................ ~ 0.06ms
  2026-06-11 05:36:02 /build/assets/Create-BEK90aaL.js ............. ~ 0.22ms
  2026-06-11 05:36:02 /build/assets/form-rt6wvs7s.js ............... ~ 0.39ms
  2026-06-11 05:36:02 /build/assets/app-layout-Ddc1nZ2_.js ......... ~ 0.54ms
  2026-06-11 05:36:02 /build/assets/ErrorMessage-Cq4aixP2.js ....... ~ 0.64ms
  2026-06-11 05:36:02 /build/assets/button-5T1vwz7h.js ............. ~ 0.73ms
  2026-06-11 05:36:02 /build/assets/index-DaQhm7bw.js .............. ~ 0.05ms
  2026-06-11 05:36:02 /build/assets/index-Cmvk7tHf.js .............. ~ 0.21ms
  2026-06-11 05:36:02 /build/assets/Combination-BneCAovC.js ........ ~ 0.39ms
  2026-06-11 05:36:02 /build/assets/index-CWQgIVzv.js .............. ~ 0.48ms
  2026-06-11 05:36:02 /build/assets/x-BTJHlNsI.js .................. ~ 0.47ms
  2026-06-11 05:36:02 /build/assets/createLucideIcon-DqZP-Ku8.js ... ~ 0.66ms
  2026-06-11 05:36:02 /build/assets/input-Chfec9Ut.js .............. ~ 0.15ms
  2026-06-11 05:36:02 /build/assets/textarea-DQI5YmS8.js ........... ~ 0.28ms
  2026-06-11 05:36:02 /build/assets/loader-circle-DOjfw63j.js ...... ~ 0.39ms
  2026-06-11 05:36:02 /build/assets/GenericCombobox-BrHKnQ91.js .... ~ 0.47ms
  2026-06-11 05:36:02 /build/assets/index-Bq72hOse.js .............. ~ 0.51ms
  2026-06-11 05:36:02 /build/assets/check-CMDVCFnE.js .............. ~ 0.64ms
  2026-06-11 05:36:02 /build/assets/select-ZytnwyOG.js ............. ~ 0.07ms
  2026-06-11 05:36:02 /build/assets/index-u_Y0mYO9.js .............. ~ 0.35ms
  2026-06-11 05:36:02 /build/assets/index-DfnlAyco.js .............. ~ 0.49ms
  2026-06-11 05:36:02 /build/assets/dropdown-menu-B3sdb_1k.js ...... ~ 0.62ms
  2026-06-11 05:36:02 /build/assets/index-Bhz_ry2-.js .............. ~ 0.85ms
  2026-06-11 05:36:02 /build/assets/settings-CU2FFVI1.js ........... ~ 0.99ms
  2026-06-11 05:36:02 /build/assets/app-logo-icon-DDrT6k0I.js ...... ~ 0.04ms
  2026-06-11 05:36:02 /build/assets/building-2-BX2w2S2B.js ......... ~ 0.22ms
  2026-06-11 05:36:03 /build/assets/app-CTtEV4y4.css ............... ~ 0.03ms
  2026-06-11 05:36:03 /logo.png .................................... ~ 0.03ms
  2026-06-11 05:37:10 /login ....................................... ~ 0.12ms
  2026-06-11 05:37:10 /build/assets/app-CTtEV4y4.css ............... ~ 0.04ms
  2026-06-11 05:37:10 /build/assets/login-Dzh-h17g.js .............. ~ 0.06ms
  2026-06-11 05:37:10 /build/assets/input-error-BTLFUYy8.js ........ ~ 0.29ms
  2026-06-11 05:37:10 /build/assets/text-link-CSoec2uC.js .......... ~ 0.40ms
  2026-06-11 05:37:10 /build/assets/app-C8Ggl87-.js ................ ~ 0.59ms
  2026-06-11 05:37:10 /build/assets/button-5T1vwz7h.js ............. ~ 0.72ms
  2026-06-11 05:37:10 /build/assets/checkbox-DCAIBSVl.js ........... ~ 0.85ms
  2026-06-11 05:37:10 /_debugbar/assets ............................ ~ 0.04ms
  2026-06-11 05:37:10 /build/assets/input-Chfec9Ut.js .............. ~ 0.29ms
  2026-06-11 05:37:10 /build/assets/label-BOLrVtPs.js .............. ~ 0.42ms
  2026-06-11 05:37:10 /build/assets/spinner-WQlC3Liu.js ............ ~ 0.38ms
  2026-06-11 05:37:10 /build/assets/auth-layout-BL-PewUP.js ........ ~ 0.50ms
  2026-06-11 05:37:10 /build/assets/index-Bhz_ry2-.js .............. ~ 0.59ms
  2026-06-11 05:37:10 /build/assets/index-_tz1FyI2.js .............. ~ 0.07ms
  2026-06-11 05:37:10 /build/assets/index-Cmvk7tHf.js .............. ~ 0.20ms
  2026-06-11 05:37:10 /build/assets/index-DfnlAyco.js .............. ~ 0.33ms
  2026-06-11 05:37:10 /build/assets/index-CWQgIVzv.js .............. ~ 0.46ms
  2026-06-11 05:37:10 /build/assets/check-CMDVCFnE.js .............. ~ 0.64ms
  2026-06-11 05:37:10 /build/assets/createLucideIcon-DqZP-Ku8.js ... ~ 0.79ms
  2026-06-11 05:37:10 /_debugbar/assets ............................ ~ 0.04ms
  2026-06-11 05:37:10 /build/assets/index-Bq72hOse.js .............. ~ 0.29ms
  2026-06-11 05:37:10 /build/assets/loader-circle-DOjfw63j.js ...... ~ 0.45ms
  2026-06-11 05:37:10 /build/assets/app-logo-icon-DDrT6k0I.js ...... ~ 0.54ms
  2026-06-11 05:37:10 /build/assets/index-Dby2qiUZ.js .............. ~ 0.68ms
  2026-06-11 05:37:10 /build/assets/app-CTtEV4y4.css ............... ~ 0.03ms
  2026-06-11 05:37:10 /logo.png .................................... ~ 0.11ms
  2026-06-11 05:37:11 /login ........................................... ~ 1s
  2026-06-11 05:37:11 /dashboard ................................... ~ 0.03ms
  2026-06-11 05:37:11 /_debugbar/open .............................. ~ 0.06ms
  2026-06-11 05:37:11 /_debugbar/open .............................. ~ 0.31ms
  2026-06-11 05:37:11 /build/assets/dashboard-CM-fjFUY.js .......... ~ 0.07ms
  2026-06-11 05:37:11 /build/assets/app-layout-Ddc1nZ2_.js ......... ~ 0.23ms
  2026-06-11 05:37:11 /build/assets/ErrorMessage-Cq4aixP2.js ....... ~ 0.34ms
  2026-06-11 05:37:11 /build/assets/index-DaQhm7bw.js .............. ~ 0.42ms
  2026-06-11 05:37:11 /build/assets/Combination-BneCAovC.js ........ ~ 0.55ms
  2026-06-11 05:37:11 /build/assets/x-BTJHlNsI.js .................. ~ 0.06ms
  2026-06-11 05:37:11 /build/assets/textarea-DQI5YmS8.js ........... ~ 0.31ms
  2026-06-11 05:37:11 /build/assets/GenericCombobox-BrHKnQ91.js .... ~ 0.52ms
  2026-06-11 05:37:11 /build/assets/select-ZytnwyOG.js ............. ~ 0.61ms
  2026-06-11 05:37:11 /build/assets/index-u_Y0mYO9.js .............. ~ 0.73ms
  2026-06-11 05:37:11 /build/assets/dropdown-menu-B3sdb_1k.js ...... ~ 0.49ms
  2026-06-11 05:37:11 /build/assets/settings-CU2FFVI1.js ........... ~ 0.57ms
  2026-06-11 05:37:11 /build/assets/badge-ChFlzpzP.js .............. ~ 0.29ms
  2026-06-11 05:37:11 /build/assets/circle-alert-9df2RSX5.js ....... ~ 0.41ms
  2026-06-11 05:37:11 /build/assets/building-2-BX2w2S2B.js ......... ~ 0.95ms
  2026-06-11 05:37:11 /build/assets/file-text-CpAgqThv.js .......... ~ 0.44ms
  2026-06-11 05:37:11 /build/assets/calendar-BGNmfN3k.js ........... ~ 0.55ms
  2026-06-11 05:37:11 /build/assets/clock-C9lav-iG.js .............. ~ 0.65ms
  2026-06-11 05:37:11 /build/assets/map-pin-CcxFvwf3.js ............ ~ 0.05ms
  2026-06-11 05:37:11 /build/assets/card-sX4WHo9S.js ............... ~ 0.16ms
  2026-06-11 05:37:11 /build/assets/video-COdDwfA1.js .............. ~ 0.30ms
  2026-06-11 05:37:12 /meetings/create ............................. ~ 0.10ms
  2026-06-11 05:37:12 /build/assets/app-CTtEV4y4.css ............... ~ 0.09ms
  2026-06-11 05:37:12 /build/assets/Create-BEK90aaL.js ............. ~ 0.07ms
  2026-06-11 05:37:12 /build/assets/form-rt6wvs7s.js ............... ~ 0.21ms
  2026-06-11 05:37:12 /build/assets/ErrorMessage-Cq4aixP2.js ....... ~ 0.33ms
  2026-06-11 05:37:12 /build/assets/button-5T1vwz7h.js ............. ~ 0.42ms
  2026-06-11 05:37:12 /build/assets/app-layout-Ddc1nZ2_.js ......... ~ 0.67ms
  2026-06-11 05:37:12 /build/assets/app-C8Ggl87-.js ................ ~ 0.86ms
  2026-06-11 05:37:12 /build/assets/index-DaQhm7bw.js .............. ~ 0.07ms
  2026-06-11 05:37:12 /build/assets/index-Cmvk7tHf.js .............. ~ 0.20ms
  2026-06-11 05:37:12 /build/assets/Combination-BneCAovC.js ........ ~ 0.33ms
  2026-06-11 05:37:12 /build/assets/index-CWQgIVzv.js .............. ~ 0.41ms
  2026-06-11 05:37:12 /build/assets/x-BTJHlNsI.js .................. ~ 0.54ms
  2026-06-11 05:37:12 /build/assets/createLucideIcon-DqZP-Ku8.js ... ~ 0.11ms
  2026-06-11 05:37:12 /build/assets/input-Chfec9Ut.js .............. ~ 0.16ms
  2026-06-11 05:37:12 /build/assets/textarea-DQI5YmS8.js ........... ~ 0.29ms
  2026-06-11 05:37:12 /build/assets/loader-circle-DOjfw63j.js ...... ~ 0.40ms
  2026-06-11 05:37:12 /build/assets/GenericCombobox-BrHKnQ91.js .... ~ 0.47ms
  2026-06-11 05:37:12 /build/assets/index-Bq72hOse.js .............. ~ 0.44ms
  2026-06-11 05:37:12 /build/assets/check-CMDVCFnE.js .............. ~ 0.07ms
  2026-06-11 05:37:12 /build/assets/select-ZytnwyOG.js ............. ~ 0.21ms
  2026-06-11 05:37:12 /build/assets/index-u_Y0mYO9.js .............. ~ 0.38ms
  2026-06-11 05:37:12 /build/assets/index-DfnlAyco.js .............. ~ 0.51ms
  2026-06-11 05:37:12 /build/assets/dropdown-menu-B3sdb_1k.js ...... ~ 0.66ms
  2026-06-11 05:37:12 /build/assets/index-Bhz_ry2-.js .............. ~ 0.77ms
  2026-06-11 05:37:12 /build/assets/settings-CU2FFVI1.js ........... ~ 0.28ms
  2026-06-11 05:37:12 /build/assets/app-logo-icon-DDrT6k0I.js ...... ~ 0.29ms
  2026-06-11 05:37:12 /build/assets/building-2-BX2w2S2B.js ......... ~ 0.38ms
  2026-06-11 05:37:13 /build/assets/app-CTtEV4y4.css ............... ~ 0.07ms
  2026-06-11 05:37:13 /logo.png .................................... ~ 0.03ms
  2026-06-11 05:38:47 /login ....................................... ~ 0.12ms
  2026-06-11 05:38:47 /build/assets/app-CTtEV4y4.css ............... ~ 0.03ms
  2026-06-11 05:38:47 /build/assets/app-C8Ggl87-.js ................ ~ 0.07ms
  2026-06-11 05:38:47 /build/assets/login-Dzh-h17g.js .............. ~ 0.21ms
  2026-06-11 05:38:47 /build/assets/input-error-BTLFUYy8.js ........ ~ 0.35ms
  2026-06-11 05:38:47 /build/assets/text-link-CSoec2uC.js .......... ~ 0.44ms
  2026-06-11 05:38:47 /build/assets/button-5T1vwz7h.js ............. ~ 0.66ms
  2026-06-11 05:38:47 /build/assets/checkbox-DCAIBSVl.js ........... ~ 0.81ms
  2026-06-11 05:38:47 /_debugbar/assets ............................ ~ 0.16ms
  2026-06-11 05:38:47 /build/assets/input-Chfec9Ut.js .............. ~ 0.29ms
  2026-06-11 05:38:47 /build/assets/label-BOLrVtPs.js .............. ~ 0.41ms
  2026-06-11 05:38:47 /build/assets/spinner-WQlC3Liu.js ............ ~ 0.38ms
  2026-06-11 05:38:47 /build/assets/auth-layout-BL-PewUP.js ........ ~ 0.49ms
  2026-06-11 05:38:47 /build/assets/index-Bhz_ry2-.js .............. ~ 0.58ms
  2026-06-11 05:38:47 /build/assets/index-_tz1FyI2.js .............. ~ 0.07ms
  2026-06-11 05:38:47 /build/assets/index-Cmvk7tHf.js .............. ~ 0.22ms
  2026-06-11 05:38:47 /build/assets/index-DfnlAyco.js .............. ~ 0.35ms
  2026-06-11 05:38:47 /build/assets/index-CWQgIVzv.js .............. ~ 0.47ms
  2026-06-11 05:38:47 /build/assets/check-CMDVCFnE.js .............. ~ 0.66ms
  2026-06-11 05:38:47 /build/assets/createLucideIcon-DqZP-Ku8.js ... ~ 0.79ms
  2026-06-11 05:38:47 /_debugbar/assets ............................ ~ 0.03ms
  2026-06-11 05:38:47 /build/assets/loader-circle-DOjfw63j.js ...... ~ 0.27ms
  2026-06-11 05:38:47 /build/assets/app-logo-icon-DDrT6k0I.js ...... ~ 0.35ms
  2026-06-11 05:38:47 /build/assets/index-Dby2qiUZ.js .............. ~ 0.43ms
  2026-06-11 05:38:47 /build/assets/index-Bq72hOse.js .............. ~ 1.29ms
  2026-06-11 05:38:47 /build/assets/app-CTtEV4y4.css ............... ~ 0.03ms
  2026-06-11 05:38:47 /logo.png .................................... ~ 0.03ms
  2026-06-11 05:38:47 /login ..................................... ~ 500.42ms
  2026-06-11 05:38:48 /dashboard ................................... ~ 0.03ms
  2026-06-11 05:38:48 /_debugbar/open .............................. ~ 0.04ms
  2026-06-11 05:38:48 /_debugbar/open .............................. ~ 0.32ms
  2026-06-11 05:38:48 /build/assets/dashboard-CM-fjFUY.js .......... ~ 0.31ms
  2026-06-11 05:38:48 /build/assets/app-layout-Ddc1nZ2_.js ......... ~ 0.19ms
  2026-06-11 05:38:48 /build/assets/ErrorMessage-Cq4aixP2.js ....... ~ 0.28ms
  2026-06-11 05:38:48 /build/assets/index-DaQhm7bw.js .............. ~ 0.41ms
  2026-06-11 05:38:48 /build/assets/Combination-BneCAovC.js ........ ~ 0.54ms
  2026-06-11 05:38:48 /build/assets/x-BTJHlNsI.js .................. ~ 0.07ms
  2026-06-11 05:38:48 /build/assets/textarea-DQI5YmS8.js ........... ~ 0.58ms
  2026-06-11 05:38:48 /build/assets/GenericCombobox-BrHKnQ91.js .... ~ 0.79ms
  2026-06-11 05:38:48 /build/assets/select-ZytnwyOG.js ............. ~ 0.95ms
  2026-06-11 05:38:48 /build/assets/index-u_Y0mYO9.js .............. ~ 1.08ms
  2026-06-11 05:38:48 /build/assets/dropdown-menu-B3sdb_1k.js ...... ~ 0.37ms
  2026-06-11 05:38:48 /build/assets/settings-CU2FFVI1.js ........... ~ 0.46ms
  2026-06-11 05:38:48 /build/assets/building-2-BX2w2S2B.js ......... ~ 0.57ms
  2026-06-11 05:38:48 /build/assets/badge-ChFlzpzP.js .............. ~ 0.66ms
  2026-06-11 05:38:48 /build/assets/circle-alert-9df2RSX5.js ....... ~ 0.70ms
  2026-06-11 05:38:48 /build/assets/file-text-CpAgqThv.js .......... ~ 0.17ms
  2026-06-11 05:38:48 /build/assets/calendar-BGNmfN3k.js ........... ~ 0.27ms
  2026-06-11 05:38:48 /build/assets/clock-C9lav-iG.js .............. ~ 0.39ms
  2026-06-11 05:38:48 /build/assets/map-pin-CcxFvwf3.js ............ ~ 0.52ms
  2026-06-11 05:38:48 /build/assets/card-sX4WHo9S.js ............... ~ 0.79ms
  2026-06-11 05:38:48 /build/assets/video-COdDwfA1.js ............ ~ 500.42ms
  2026-06-11 05:38:49 /meetings/create ............................. ~ 0.10ms
  2026-06-11 05:38:49 /build/assets/app-CTtEV4y4.css ............... ~ 0.03ms
  2026-06-11 05:38:49 /build/assets/Create-BEK90aaL.js ............. ~ 0.07ms
  2026-06-11 05:38:49 /build/assets/form-rt6wvs7s.js ............... ~ 0.25ms
  2026-06-11 05:38:49 /build/assets/app-C8Ggl87-.js ................ ~ 0.40ms
  2026-06-11 05:38:49 /build/assets/app-layout-Ddc1nZ2_.js ......... ~ 0.54ms
  2026-06-11 05:38:49 /build/assets/ErrorMessage-Cq4aixP2.js ....... ~ 0.64ms
  2026-06-11 05:38:49 /build/assets/button-5T1vwz7h.js ............. ~ 0.73ms
  2026-06-11 05:38:49 /build/assets/index-DaQhm7bw.js .............. ~ 0.07ms
  2026-06-11 05:38:49 /build/assets/index-Cmvk7tHf.js .............. ~ 0.22ms
  2026-06-11 05:38:49 /build/assets/Combination-BneCAovC.js ........ ~ 0.40ms
  2026-06-11 05:38:49 /build/assets/index-CWQgIVzv.js .............. ~ 0.58ms
  2026-06-11 05:38:49 /build/assets/x-BTJHlNsI.js .................. ~ 0.71ms
  2026-06-11 05:38:49 /build/assets/createLucideIcon-DqZP-Ku8.js ... ~ 0.86ms
  2026-06-11 05:38:49 /build/assets/input-Chfec9Ut.js .............. ~ 0.08ms
  2026-06-11 05:38:49 /build/assets/textarea-DQI5YmS8.js ........... ~ 0.22ms
  2026-06-11 05:38:49 /build/assets/loader-circle-DOjfw63j.js ...... ~ 0.37ms
  2026-06-11 05:38:49 /build/assets/GenericCombobox-BrHKnQ91.js .... ~ 0.45ms
  2026-06-11 05:38:49 /build/assets/index-Bq72hOse.js .............. ~ 0.53ms
  2026-06-11 05:38:49 /build/assets/check-CMDVCFnE.js .............. ~ 0.65ms
  2026-06-11 05:38:49 /build/assets/select-ZytnwyOG.js ............. ~ 0.07ms
  2026-06-11 05:38:49 /build/assets/index-u_Y0mYO9.js .............. ~ 0.21ms
  2026-06-11 05:38:49 /build/assets/index-DfnlAyco.js .............. ~ 0.34ms
  2026-06-11 05:38:49 /build/assets/dropdown-menu-B3sdb_1k.js ...... ~ 0.46ms
  2026-06-11 05:38:49 /build/assets/index-Bhz_ry2-.js .............. ~ 0.61ms
  2026-06-11 05:38:49 /build/assets/settings-CU2FFVI1.js ........... ~ 0.74ms
  2026-06-11 05:38:49 /build/assets/app-logo-icon-DDrT6k0I.js ...... ~ 0.04ms
  2026-06-11 05:38:49 /build/assets/building-2-BX2w2S2B.js ......... ~ 0.11ms
  2026-06-11 05:38:49 /build/assets/app-CTtEV4y4.css ............... ~ 0.02ms
  2026-06-11 05:38:49 /logo.png .................................... ~ 0.11ms
  2026-06-11 05:39:21 /login ....................................... ~ 0.13ms
  2026-06-11 05:39:21 /build/assets/app-CTtEV4y4.css ............... ~ 0.03ms
  2026-06-11 05:39:21 /build/assets/login-Dzh-h17g.js .............. ~ 0.06ms
  2026-06-11 05:39:21 /build/assets/input-error-BTLFUYy8.js ........ ~ 0.20ms
  2026-06-11 05:39:21 /build/assets/app-C8Ggl87-.js ................ ~ 0.31ms
  2026-06-11 05:39:21 /build/assets/text-link-CSoec2uC.js .......... ~ 0.50ms
  2026-06-11 05:39:21 /build/assets/button-5T1vwz7h.js ............. ~ 0.62ms
  2026-06-11 05:39:21 /build/assets/checkbox-DCAIBSVl.js ........... ~ 0.75ms
  2026-06-11 05:39:21 /_debugbar/assets ............................ ~ 0.05ms
  2026-06-11 05:39:21 /build/assets/input-Chfec9Ut.js .............. ~ 0.30ms
  2026-06-11 05:39:21 /build/assets/label-BOLrVtPs.js .............. ~ 0.49ms
  2026-06-11 05:39:21 /build/assets/spinner-WQlC3Liu.js ............ ~ 0.68ms
  2026-06-11 05:39:21 /build/assets/auth-layout-BL-PewUP.js ........ ~ 0.59ms
  2026-06-11 05:39:21 /build/assets/index-Bhz_ry2-.js .............. ~ 0.68ms
  2026-06-11 05:39:21 /build/assets/index-_tz1FyI2.js .............. ~ 0.07ms
  2026-06-11 05:39:21 /build/assets/index-Cmvk7tHf.js .............. ~ 0.21ms
  2026-06-11 05:39:21 /build/assets/index-DfnlAyco.js .............. ~ 0.39ms
  2026-06-11 05:39:21 /build/assets/index-CWQgIVzv.js .............. ~ 0.53ms
  2026-06-11 05:39:21 /build/assets/check-CMDVCFnE.js .............. ~ 0.67ms
  2026-06-11 05:39:21 /build/assets/createLucideIcon-DqZP-Ku8.js ... ~ 0.80ms
  2026-06-11 05:39:21 /build/assets/index-Bq72hOse.js .............. ~ 0.07ms
  2026-06-11 05:39:21 /build/assets/loader-circle-DOjfw63j.js ...... ~ 0.20ms
  2026-06-11 05:39:21 /build/assets/app-logo-icon-DDrT6k0I.js ...... ~ 0.28ms
  2026-06-11 05:39:21 /build/assets/index-Dby2qiUZ.js .............. ~ 0.42ms
  2026-06-11 05:39:21 /_debugbar/assets ............................ ~ 0.57ms
  2026-06-11 05:39:21 /build/assets/app-CTtEV4y4.css ............... ~ 0.03ms
  2026-06-11 05:39:21 /logo.png .................................... ~ 0.15ms
  2026-06-11 05:39:22 /login ..................................... ~ 500.65ms
  2026-06-11 05:39:22 /dashboard ................................... ~ 0.03ms
  2026-06-11 05:39:22 /_debugbar/open .............................. ~ 0.04ms
  2026-06-11 05:39:22 /_debugbar/open .............................. ~ 0.27ms
  2026-06-11 05:39:23 /build/assets/dashboard-CM-fjFUY.js .......... ~ 0.31ms
  2026-06-11 05:39:23 /build/assets/app-layout-Ddc1nZ2_.js ......... ~ 0.18ms
  2026-06-11 05:39:23 /build/assets/ErrorMessage-Cq4aixP2.js ....... ~ 0.33ms
  2026-06-11 05:39:23 /build/assets/index-DaQhm7bw.js .............. ~ 0.41ms
  2026-06-11 05:39:23 /build/assets/Combination-BneCAovC.js ........ ~ 0.56ms
  2026-06-11 05:39:23 /build/assets/x-BTJHlNsI.js .................. ~ 0.15ms
  2026-06-11 05:39:23 /build/assets/index-u_Y0mYO9.js .............. ~ 0.05ms
  2026-06-11 05:39:23 /build/assets/textarea-DQI5YmS8.js ........... ~ 0.38ms
  2026-06-11 05:39:23 /build/assets/GenericCombobox-BrHKnQ91.js .... ~ 0.50ms
  2026-06-11 05:39:23 /build/assets/select-ZytnwyOG.js ............. ~ 0.61ms
  2026-06-11 05:39:23 /build/assets/dropdown-menu-B3sdb_1k.js ...... ~ 0.56ms
  2026-06-11 05:39:23 /build/assets/settings-CU2FFVI1.js ........... ~ 0.63ms
  2026-06-11 05:39:23 /build/assets/building-2-BX2w2S2B.js ......... ~ 0.07ms
  2026-06-11 05:39:23 /build/assets/badge-ChFlzpzP.js .............. ~ 0.17ms
  2026-06-11 05:39:23 /build/assets/circle-alert-9df2RSX5.js ....... ~ 0.32ms
  2026-06-11 05:39:23 /build/assets/file-text-CpAgqThv.js .......... ~ 0.42ms
  2026-06-11 05:39:23 /build/assets/calendar-BGNmfN3k.js ........... ~ 0.54ms
  2026-06-11 05:39:23 /build/assets/clock-C9lav-iG.js .............. ~ 0.76ms
  2026-06-11 05:39:23 /build/assets/map-pin-CcxFvwf3.js ............ ~ 0.18ms
  2026-06-11 05:39:23 /build/assets/card-sX4WHo9S.js ............... ~ 0.39ms
  2026-06-11 05:39:23 /build/assets/video-COdDwfA1.js .............. ~ 0.52ms
  2026-06-11 05:39:23 /meetings/create ............................. ~ 0.10ms
  2026-06-11 05:39:23 /build/assets/app-CTtEV4y4.css ............... ~ 0.03ms
  2026-06-11 05:39:23 /build/assets/Create-BEK90aaL.js ............. ~ 0.08ms
  2026-06-11 05:39:23 /build/assets/form-rt6wvs7s.js ............... ~ 0.21ms
  2026-06-11 05:39:23 /build/assets/ErrorMessage-Cq4aixP2.js ....... ~ 0.34ms
  2026-06-11 05:39:23 /build/assets/button-5T1vwz7h.js ............. ~ 0.42ms
  2026-06-11 05:39:23 /build/assets/app-layout-Ddc1nZ2_.js ......... ~ 0.56ms
  2026-06-11 05:39:23 /build/assets/app-C8Ggl87-.js ................ ~ 0.67ms
  2026-06-11 05:39:23 /build/assets/index-DaQhm7bw.js .............. ~ 0.10ms
  2026-06-11 05:39:23 /build/assets/index-Cmvk7tHf.js .............. ~ 0.22ms
  2026-06-11 05:39:23 /build/assets/Combination-BneCAovC.js ........ ~ 0.34ms
  2026-06-11 05:39:23 /build/assets/index-CWQgIVzv.js .............. ~ 0.46ms
  2026-06-11 05:39:23 /build/assets/x-BTJHlNsI.js .................. ~ 0.53ms
  2026-06-11 05:39:23 /build/assets/createLucideIcon-DqZP-Ku8.js ... ~ 0.35ms
  2026-06-11 05:39:23 /build/assets/input-Chfec9Ut.js .............. ~ 0.40ms
  2026-06-11 05:39:23 /build/assets/textarea-DQI5YmS8.js ........... ~ 0.62ms
  2026-06-11 05:39:23 /build/assets/loader-circle-DOjfw63j.js ...... ~ 0.48ms
  2026-06-11 05:39:24 /build/assets/GenericCombobox-BrHKnQ91.js .... ~ 0.36ms
  2026-06-11 05:39:24 /build/assets/index-Bq72hOse.js .............. ~ 0.42ms
  2026-06-11 05:39:24 /build/assets/check-CMDVCFnE.js .............. ~ 0.66ms
  2026-06-11 05:39:24 /build/assets/select-ZytnwyOG.js ............. ~ 0.78ms
  2026-06-11 05:39:24 /build/assets/index-u_Y0mYO9.js .............. ~ 0.06ms
  2026-06-11 05:39:24 /build/assets/index-DfnlAyco.js .............. ~ 0.23ms
  2026-06-11 05:39:24 /build/assets/dropdown-menu-B3sdb_1k.js ...... ~ 0.35ms
  2026-06-11 05:39:24 /build/assets/index-Bhz_ry2-.js .............. ~ 0.43ms
  2026-06-11 05:39:24 /build/assets/settings-CU2FFVI1.js ........... ~ 0.54ms
  2026-06-11 05:39:24 /build/assets/app-logo-icon-DDrT6k0I.js ...... ~ 0.65ms
  2026-06-11 05:39:24 /build/assets/building-2-BX2w2S2B.js ......... ~ 0.02ms
  2026-06-11 05:39:24 /build/assets/app-CTtEV4y4.css ............... ~ 0.02ms
  2026-06-11 05:39:24 /logo.png .................................... ~ 0.02ms
  2026-06-11 05:41:33 /login ....................................... ~ 0.18ms
  2026-06-11 05:41:33 /build/assets/app-CTtEV4y4.css ............... ~ 0.04ms
  2026-06-11 05:41:33 /build/assets/login-Dzh-h17g.js .............. ~ 0.06ms
  2026-06-11 05:41:33 /build/assets/input-error-BTLFUYy8.js ........ ~ 0.20ms
  2026-06-11 05:41:33 /build/assets/text-link-CSoec2uC.js .......... ~ 0.29ms
  2026-06-11 05:41:33 /build/assets/app-C8Ggl87-.js ................ ~ 0.44ms
  2026-06-11 05:41:33 /build/assets/button-5T1vwz7h.js ............. ~ 0.55ms
  2026-06-11 05:41:33 /build/assets/checkbox-DCAIBSVl.js ........... ~ 0.68ms
  2026-06-11 05:41:33 /_debugbar/assets ............................ ~ 0.04ms
  2026-06-11 05:41:33 /build/assets/input-Chfec9Ut.js .............. ~ 0.29ms
  2026-06-11 05:41:33 /build/assets/label-BOLrVtPs.js .............. ~ 0.41ms
  2026-06-11 05:41:33 /build/assets/spinner-WQlC3Liu.js ............ ~ 0.31ms
  2026-06-11 05:41:33 /build/assets/auth-layout-BL-PewUP.js ........ ~ 0.42ms
  2026-06-11 05:41:33 /build/assets/index-Bhz_ry2-.js .............. ~ 0.50ms
  2026-06-11 05:41:33 /build/assets/index-_tz1FyI2.js .............. ~ 0.06ms
  2026-06-11 05:41:33 /build/assets/index-Cmvk7tHf.js .............. ~ 0.21ms
  2026-06-11 05:41:33 /build/assets/index-DfnlAyco.js .............. ~ 0.36ms
  2026-06-11 05:41:33 /build/assets/index-CWQgIVzv.js .............. ~ 0.49ms
  2026-06-11 05:41:33 /build/assets/check-CMDVCFnE.js .............. ~ 0.62ms
  2026-06-11 05:41:33 /build/assets/createLucideIcon-DqZP-Ku8.js ... ~ 0.76ms
  2026-06-11 05:41:33 /_debugbar/assets ............................ ~ 0.03ms
  2026-06-11 05:41:33 /build/assets/index-Bq72hOse.js .............. ~ 1.01ms
  2026-06-11 05:41:33 /build/assets/loader-circle-DOjfw63j.js ...... ~ 0.47ms
  2026-06-11 05:41:33 /build/assets/app-logo-icon-DDrT6k0I.js ...... ~ 0.55ms
  2026-06-11 05:41:33 /build/assets/index-Dby2qiUZ.js .............. ~ 0.66ms
  2026-06-11 05:41:34 /build/assets/app-CTtEV4y4.css ............... ~ 0.11ms
  2026-06-11 05:41:34 /logo.png .................................... ~ 0.03ms
  2026-06-11 05:41:34 /login ..................................... ~ 500.48ms
  2026-06-11 05:41:35 /dashboard ................................... ~ 0.03ms
  2026-06-11 05:41:35 /_debugbar/open .............................. ~ 0.03ms
  2026-06-11 05:41:35 /_debugbar/open .............................. ~ 0.25ms
  2026-06-11 05:41:35 /build/assets/dashboard-CM-fjFUY.js .......... ~ 0.06ms
  2026-06-11 05:41:35 /build/assets/app-layout-Ddc1nZ2_.js ......... ~ 0.27ms
  2026-06-11 05:41:35 /build/assets/ErrorMessage-Cq4aixP2.js ....... ~ 0.36ms
  2026-06-11 05:41:35 /build/assets/index-DaQhm7bw.js .............. ~ 0.44ms
  2026-06-11 05:41:35 /build/assets/Combination-BneCAovC.js ........ ~ 0.56ms
  2026-06-11 05:41:35 /build/assets/x-BTJHlNsI.js .................. ~ 0.07ms
  2026-06-11 05:41:35 /build/assets/textarea-DQI5YmS8.js ........... ~ 0.23ms
  2026-06-11 05:41:35 /build/assets/GenericCombobox-BrHKnQ91.js .... ~ 0.36ms
  2026-06-11 05:41:35 /build/assets/select-ZytnwyOG.js ............. ~ 0.48ms
  2026-06-11 05:41:35 /build/assets/index-u_Y0mYO9.js .............. ~ 0.60ms
  2026-06-11 05:41:35 /build/assets/dropdown-menu-B3sdb_1k.js ...... ~ 0.53ms
  2026-06-11 05:41:35 /build/assets/settings-CU2FFVI1.js ........... ~ 0.61ms
  2026-06-11 05:41:35 /build/assets/building-2-BX2w2S2B.js ......... ~ 0.35ms
  2026-06-11 05:41:35 /build/assets/badge-ChFlzpzP.js .............. ~ 0.45ms
  2026-06-11 05:41:35 /build/assets/circle-alert-9df2RSX5.js ....... ~ 0.57ms
  2026-06-11 05:41:35 /build/assets/file-text-CpAgqThv.js .......... ~ 0.43ms
  2026-06-11 05:41:35 /build/assets/calendar-BGNmfN3k.js ........... ~ 0.61ms
  2026-06-11 05:41:35 /build/assets/clock-C9lav-iG.js .............. ~ 0.71ms
  2026-06-11 05:41:35 /build/assets/map-pin-CcxFvwf3.js ............ ~ 0.04ms
  2026-06-11 05:41:35 /build/assets/card-sX4WHo9S.js ............... ~ 0.14ms
  2026-06-11 05:41:35 /build/assets/video-COdDwfA1.js .............. ~ 0.27ms
  2026-06-11 05:41:36 /meetings/create ............................. ~ 0.10ms
  2026-06-11 05:41:36 /build/assets/app-CTtEV4y4.css ............... ~ 0.08ms
  2026-06-11 05:41:36 /build/assets/app-C8Ggl87-.js ................ ~ 0.07ms
  2026-06-11 05:41:36 /build/assets/Create-BEK90aaL.js ............. ~ 0.22ms
  2026-06-11 05:41:36 /build/assets/form-rt6wvs7s.js ............... ~ 0.33ms
  2026-06-11 05:41:36 /build/assets/app-layout-Ddc1nZ2_.js ......... ~ 0.53ms
  2026-06-11 05:41:36 /build/assets/ErrorMessage-Cq4aixP2.js ....... ~ 0.63ms
  2026-06-11 05:41:36 /build/assets/button-5T1vwz7h.js ............. ~ 0.71ms
  2026-06-11 05:41:36 /build/assets/index-DaQhm7bw.js .............. ~ 0.06ms
  2026-06-11 05:41:36 /build/assets/index-Cmvk7tHf.js .............. ~ 0.21ms
  2026-06-11 05:41:36 /build/assets/Combination-BneCAovC.js ........ ~ 0.34ms
  2026-06-11 05:41:36 /build/assets/index-CWQgIVzv.js .............. ~ 0.45ms
  2026-06-11 05:41:36 /build/assets/createLucideIcon-DqZP-Ku8.js ... ~ 0.26ms
  2026-06-11 05:41:36 /build/assets/x-BTJHlNsI.js .................. ~ 1.05ms
  2026-06-11 05:41:36 /build/assets/input-Chfec9Ut.js .............. ~ 0.61ms
  2026-06-11 05:41:36 /build/assets/textarea-DQI5YmS8.js ........... ~ 0.74ms
  2026-06-11 05:41:36 /build/assets/loader-circle-DOjfw63j.js ...... ~ 0.85ms
  2026-06-11 05:41:36 /build/assets/GenericCombobox-BrHKnQ91.js .... ~ 0.99ms
  2026-06-11 05:41:36 /build/assets/index-Bq72hOse.js .............. ~ 0.07ms
  2026-06-11 05:41:36 /build/assets/check-CMDVCFnE.js .............. ~ 0.21ms
  2026-06-11 05:41:36 /build/assets/select-ZytnwyOG.js ............. ~ 0.33ms
  2026-06-11 05:41:36 /build/assets/index-u_Y0mYO9.js .............. ~ 0.45ms
  2026-06-11 05:41:36 /build/assets/index-DfnlAyco.js .............. ~ 0.60ms
  2026-06-11 05:41:36 /build/assets/dropdown-menu-B3sdb_1k.js ...... ~ 0.76ms
  2026-06-11 05:41:36 /build/assets/index-Bhz_ry2-.js .............. ~ 0.19ms
  2026-06-11 05:41:36 /build/assets/settings-CU2FFVI1.js ........... ~ 0.32ms
  2026-06-11 05:41:36 /build/assets/app-logo-icon-DDrT6k0I.js ...... ~ 0.42ms
  2026-06-11 05:41:36 /build/assets/building-2-BX2w2S2B.js ......... ~ 0.50ms
  2026-06-11 05:41:36 /build/assets/app-CTtEV4y4.css ............... ~ 0.03ms
  2026-06-11 05:41:36 /logo.png .................................... ~ 0.02ms
  2026-06-11 05:43:20 /login ....................................... ~ 0.12ms
  2026-06-11 05:43:20 /build/assets/app-CTtEV4y4.css ............... ~ 0.03ms
  2026-06-11 05:43:20 /build/assets/login-Dzh-h17g.js .............. ~ 0.12ms
  2026-06-11 05:43:20 /build/assets/input-error-BTLFUYy8.js ........ ~ 0.26ms
  2026-06-11 05:43:20 /build/assets/text-link-CSoec2uC.js .......... ~ 0.36ms
  2026-06-11 05:43:20 /build/assets/button-5T1vwz7h.js ............. ~ 0.47ms
  2026-06-11 05:43:20 /build/assets/checkbox-DCAIBSVl.js ........... ~ 0.55ms
  2026-06-11 05:43:20 /build/assets/app-C8Ggl87-.js ................ ~ 0.74ms
  2026-06-11 05:43:20 /_debugbar/assets ............................ ~ 0.05ms
  2026-06-11 05:43:20 /build/assets/input-Chfec9Ut.js .............. ~ 0.38ms
  2026-06-11 05:43:20 /build/assets/label-BOLrVtPs.js .............. ~ 0.52ms
  2026-06-11 05:43:20 /build/assets/spinner-WQlC3Liu.js ............ ~ 0.65ms
  2026-06-11 05:43:20 /build/assets/auth-layout-BL-PewUP.js ........ ~ 0.49ms
  2026-06-11 05:43:20 /build/assets/index-Bhz_ry2-.js .............. ~ 0.56ms
  2026-06-11 05:43:20 /build/assets/index-_tz1FyI2.js .............. ~ 0.71ms
  2026-06-11 05:43:20 /build/assets/index-Cmvk7tHf.js .............. ~ 2.51ms
  2026-06-11 05:43:20 /build/assets/index-DfnlAyco.js .............. ~ 2.67ms
  2026-06-11 05:43:20 /build/assets/index-CWQgIVzv.js .............. ~ 0.40ms
  2026-06-11 05:43:20 /build/assets/check-CMDVCFnE.js .............. ~ 0.51ms
  2026-06-11 05:43:20 /build/assets/createLucideIcon-DqZP-Ku8.js ... ~ 0.64ms
  2026-06-11 05:43:20 /build/assets/index-Bq72hOse.js .............. ~ 0.75ms
  2026-06-11 05:43:20 /_debugbar/assets ............................ ~ 0.03ms
  2026-06-11 05:43:20 /build/assets/loader-circle-DOjfw63j.js ...... ~ 0.27ms
  2026-06-11 05:43:20 /build/assets/app-logo-icon-DDrT6k0I.js ...... ~ 0.34ms
  2026-06-11 05:43:20 /build/assets/index-Dby2qiUZ.js .............. ~ 0.42ms
  2026-06-11 05:43:20 /build/assets/app-CTtEV4y4.css ............... ~ 0.02ms
  2026-06-11 05:43:20 /logo.png .................................... ~ 0.11ms
  2026-06-11 05:43:20 /login ..................................... ~ 500.51ms
  2026-06-11 05:43:21 /dashboard ................................... ~ 0.04ms
  2026-06-11 05:43:21 /_debugbar/open .............................. ~ 0.03ms
  2026-06-11 05:43:21 /_debugbar/open .............................. ~ 0.27ms
  2026-06-11 05:43:21 /build/assets/dashboard-CM-fjFUY.js .......... ~ 0.31ms
  2026-06-11 05:43:21 /build/assets/app-layout-Ddc1nZ2_.js ......... ~ 0.23ms
  2026-06-11 05:43:21 /build/assets/ErrorMessage-Cq4aixP2.js ....... ~ 0.35ms
  2026-06-11 05:43:21 /build/assets/index-DaQhm7bw.js .............. ~ 0.44ms
  2026-06-11 05:43:21 /build/assets/Combination-BneCAovC.js ........ ~ 0.56ms
  2026-06-11 05:43:21 /build/assets/x-BTJHlNsI.js .................. ~ 0.05ms
  2026-06-11 05:43:21 /build/assets/textarea-DQI5YmS8.js ........... ~ 0.25ms
  2026-06-11 05:43:21 /build/assets/GenericCombobox-BrHKnQ91.js .... ~ 0.39ms
  2026-06-11 05:43:21 /build/assets/select-ZytnwyOG.js ............. ~ 0.51ms
  2026-06-11 05:43:21 /build/assets/index-u_Y0mYO9.js .............. ~ 0.52ms
  2026-06-11 05:43:21 /build/assets/dropdown-menu-B3sdb_1k.js ...... ~ 0.52ms
  2026-06-11 05:43:21 /build/assets/settings-CU2FFVI1.js ........... ~ 0.63ms
  2026-06-11 05:43:21 /build/assets/building-2-BX2w2S2B.js ......... ~ 0.19ms
  2026-06-11 05:43:21 /build/assets/badge-ChFlzpzP.js .............. ~ 0.17ms
  2026-06-11 05:43:21 /build/assets/circle-alert-9df2RSX5.js ....... ~ 0.34ms
  2026-06-11 05:43:21 /build/assets/file-text-CpAgqThv.js .......... ~ 0.44ms
  2026-06-11 05:43:21 /build/assets/calendar-BGNmfN3k.js ........... ~ 0.54ms
  2026-06-11 05:43:21 /build/assets/clock-C9lav-iG.js .............. ~ 0.64ms
  2026-06-11 05:43:21 /build/assets/map-pin-CcxFvwf3.js ............ ~ 0.04ms
  2026-06-11 05:43:21 /build/assets/card-sX4WHo9S.js ............... ~ 0.15ms
  2026-06-11 05:43:21 /build/assets/video-COdDwfA1.js .............. ~ 0.28ms
  2026-06-11 05:43:22 /meetings/create ............................. ~ 0.11ms
  2026-06-11 05:43:22 /build/assets/app-CTtEV4y4.css ............... ~ 0.04ms
  2026-06-11 05:43:22 /build/assets/Create-BEK90aaL.js ............. ~ 0.08ms
  2026-06-11 05:43:22 /build/assets/form-rt6wvs7s.js ............... ~ 0.21ms
  2026-06-11 05:43:22 /build/assets/app-C8Ggl87-.js ................ ~ 0.34ms
  2026-06-11 05:43:22 /build/assets/ErrorMessage-Cq4aixP2.js ....... ~ 0.49ms
  2026-06-11 05:43:22 /build/assets/app-layout-Ddc1nZ2_.js ......... ~ 0.59ms
  2026-06-11 05:43:22 /build/assets/button-5T1vwz7h.js ............. ~ 0.74ms
  2026-06-11 05:43:22 /build/assets/index-DaQhm7bw.js .............. ~ 0.56ms
  2026-06-11 05:43:22 /build/assets/index-Cmvk7tHf.js .............. ~ 0.25ms
  2026-06-11 05:43:22 /build/assets/Combination-BneCAovC.js ........ ~ 0.37ms
  2026-06-11 05:43:22 /build/assets/createLucideIcon-DqZP-Ku8.js ... ~ 0.06ms
  2026-06-11 05:43:22 /build/assets/index-CWQgIVzv.js .............. ~ 0.40ms
  2026-06-11 05:43:22 /build/assets/x-BTJHlNsI.js .................. ~ 0.58ms
  2026-06-11 05:43:22 /build/assets/input-Chfec9Ut.js .............. ~ 0.50ms
  2026-06-11 05:43:22 /build/assets/textarea-DQI5YmS8.js ........... ~ 0.62ms
  2026-06-11 05:43:22 /build/assets/loader-circle-DOjfw63j.js ...... ~ 0.75ms
  2026-06-11 05:43:22 /build/assets/GenericCombobox-BrHKnQ91.js .... ~ 0.07ms
  2026-06-11 05:43:22 /build/assets/index-Bq72hOse.js .............. ~ 0.16ms
  2026-06-11 05:43:22 /build/assets/check-CMDVCFnE.js .............. ~ 0.30ms
  2026-06-11 05:43:22 /build/assets/select-ZytnwyOG.js ............. ~ 0.48ms
  2026-06-11 05:43:22 /build/assets/index-u_Y0mYO9.js .............. ~ 0.61ms
  2026-06-11 05:43:22 /build/assets/index-DfnlAyco.js .............. ~ 0.74ms
  2026-06-11 05:43:22 /build/assets/dropdown-menu-B3sdb_1k.js ...... ~ 0.07ms
  2026-06-11 05:43:22 /build/assets/index-Bhz_ry2-.js .............. ~ 0.15ms
  2026-06-11 05:43:22 /build/assets/settings-CU2FFVI1.js ........... ~ 0.28ms
  2026-06-11 05:43:22 /build/assets/app-logo-icon-DDrT6k0I.js ...... ~ 0.38ms
  2026-06-11 05:43:22 /build/assets/building-2-BX2w2S2B.js ......... ~ 0.53ms
  2026-06-11 05:43:22 /build/assets/app-CTtEV4y4.css ............... ~ 0.03ms
  2026-06-11 05:43:22 /logo.png .................................... ~ 0.03ms
  2026-06-11 05:45:31 /login ....................................... ~ 0.13ms
  2026-06-11 05:45:31 /build/assets/app-CTtEV4y4.css ............... ~ 0.04ms
  2026-06-11 05:45:31 /build/assets/login-Dzh-h17g.js .............. ~ 0.06ms
  2026-06-11 05:45:31 /build/assets/input-error-BTLFUYy8.js ........ ~ 0.20ms
  2026-06-11 05:45:31 /build/assets/text-link-CSoec2uC.js .......... ~ 0.29ms
  2026-06-11 05:45:31 /build/assets/app-C8Ggl87-.js ................ ~ 0.41ms
  2026-06-11 05:45:31 /build/assets/button-5T1vwz7h.js ............. ~ 0.52ms
  2026-06-11 05:45:31 /build/assets/checkbox-DCAIBSVl.js ........... ~ 0.64ms
  2026-06-11 05:45:31 /_debugbar/assets ............................ ~ 0.06ms
  2026-06-11 05:45:31 /build/assets/input-Chfec9Ut.js .............. ~ 0.33ms
  2026-06-11 05:45:31 /build/assets/label-BOLrVtPs.js .............. ~ 0.46ms
  2026-06-11 05:45:31 /build/assets/spinner-WQlC3Liu.js ............ ~ 0.33ms
  2026-06-11 05:45:31 /build/assets/auth-layout-BL-PewUP.js ........ ~ 0.71ms
  2026-06-11 05:45:31 /build/assets/index-Bhz_ry2-.js .............. ~ 0.81ms
  2026-06-11 05:45:31 /build/assets/index-_tz1FyI2.js .............. ~ 0.11ms
  2026-06-11 05:45:31 /build/assets/index-Cmvk7tHf.js .............. ~ 0.23ms
  2026-06-11 05:45:31 /build/assets/index-DfnlAyco.js .............. ~ 0.35ms
  2026-06-11 05:45:31 /build/assets/index-CWQgIVzv.js .............. ~ 0.49ms
  2026-06-11 05:45:31 /build/assets/check-CMDVCFnE.js .............. ~ 0.62ms
  2026-06-11 05:45:31 /build/assets/createLucideIcon-DqZP-Ku8.js ... ~ 0.80ms
  2026-06-11 05:45:31 /build/assets/index-Bq72hOse.js .............. ~ 0.07ms
  2026-06-11 05:45:31 /build/assets/loader-circle-DOjfw63j.js ...... ~ 0.21ms
  2026-06-11 05:45:31 /build/assets/app-logo-icon-DDrT6k0I.js ...... ~ 0.29ms
  2026-06-11 05:45:31 /_debugbar/assets ............................ ~ 0.37ms
  2026-06-11 05:45:31 /build/assets/index-Dby2qiUZ.js .............. ~ 0.61ms
  2026-06-11 05:45:31 /build/assets/app-CTtEV4y4.css ............... ~ 0.03ms
  2026-06-11 05:45:31 /logo.png .................................... ~ 0.11ms
  2026-06-11 05:45:31 /login ........................................... ~ 1s
  2026-06-11 05:45:32 /dashboard ................................... ~ 0.03ms
  2026-06-11 05:45:32 /_debugbar/open .............................. ~ 0.03ms
  2026-06-11 05:45:32 /_debugbar/open .............................. ~ 0.04ms
  2026-06-11 05:45:32 /build/assets/app-layout-Ddc1nZ2_.js ......... ~ 0.06ms
  2026-06-11 05:45:32 /build/assets/dashboard-CM-fjFUY.js .......... ~ 0.52ms
  2026-06-11 05:45:32 /build/assets/ErrorMessage-Cq4aixP2.js ....... ~ 0.27ms
  2026-06-11 05:45:32 /build/assets/index-DaQhm7bw.js .............. ~ 0.40ms
  2026-06-11 05:45:32 /build/assets/Combination-BneCAovC.js ........ ~ 0.55ms
  2026-06-11 05:45:32 /build/assets/x-BTJHlNsI.js .................. ~ 0.06ms
  2026-06-11 05:45:32 /build/assets/textarea-DQI5YmS8.js ........... ~ 0.29ms
  2026-06-11 05:45:32 /build/assets/GenericCombobox-BrHKnQ91.js .... ~ 0.41ms
  2026-06-11 05:45:32 /build/assets/select-ZytnwyOG.js ............. ~ 0.50ms
  2026-06-11 05:45:32 /build/assets/index-u_Y0mYO9.js .............. ~ 0.71ms
  2026-06-11 05:45:32 /build/assets/dropdown-menu-B3sdb_1k.js ...... ~ 0.23ms
  2026-06-11 05:45:32 /build/assets/settings-CU2FFVI1.js ........... ~ 0.15ms
  2026-06-11 05:45:32 /build/assets/building-2-BX2w2S2B.js ......... ~ 0.28ms
  2026-06-11 05:45:32 /build/assets/badge-ChFlzpzP.js .............. ~ 0.38ms
  2026-06-11 05:45:32 /build/assets/circle-alert-9df2RSX5.js ....... ~ 0.50ms
  2026-06-11 05:45:32 /build/assets/file-text-CpAgqThv.js .......... ~ 0.83ms
  2026-06-11 05:45:32 /build/assets/calendar-BGNmfN3k.js ........... ~ 0.73ms
  2026-06-11 05:45:32 /build/assets/clock-C9lav-iG.js .............. ~ 0.83ms
  2026-06-11 05:45:32 /build/assets/map-pin-CcxFvwf3.js ............ ~ 0.05ms
  2026-06-11 05:45:32 /build/assets/card-sX4WHo9S.js ............... ~ 0.16ms
  2026-06-11 05:45:32 /build/assets/video-COdDwfA1.js .............. ~ 0.28ms
  2026-06-11 05:45:33 /meetings/create ............................. ~ 0.10ms
  2026-06-11 05:45:33 /build/assets/app-CTtEV4y4.css ............... ~ 0.04ms
  2026-06-11 05:45:33 /build/assets/Create-BEK90aaL.js ............. ~ 0.04ms
  2026-06-11 05:45:33 /build/assets/app-layout-Ddc1nZ2_.js ......... ~ 0.17ms
  2026-06-11 05:45:33 /build/assets/app-C8Ggl87-.js ................ ~ 0.29ms
  2026-06-11 05:45:33 /build/assets/form-rt6wvs7s.js ............... ~ 0.06ms
  2026-06-11 05:45:33 /build/assets/ErrorMessage-Cq4aixP2.js ....... ~ 0.26ms
  2026-06-11 05:45:33 /build/assets/button-5T1vwz7h.js ............. ~ 0.35ms
  2026-06-11 05:45:33 /build/assets/index-DaQhm7bw.js .............. ~ 0.49ms
  2026-06-11 05:45:33 /build/assets/index-Cmvk7tHf.js .............. ~ 0.60ms
  2026-06-11 05:45:33 /build/assets/Combination-BneCAovC.js ........ ~ 0.07ms
  2026-06-11 05:45:33 /build/assets/index-CWQgIVzv.js .............. ~ 0.15ms
  2026-06-11 05:45:33 /build/assets/x-BTJHlNsI.js .................. ~ 0.28ms
  2026-06-11 05:45:33 /build/assets/createLucideIcon-DqZP-Ku8.js ... ~ 0.57ms
  2026-06-11 05:45:33 /build/assets/input-Chfec9Ut.js .............. ~ 0.64ms
  2026-06-11 05:45:33 /build/assets/textarea-DQI5YmS8.js ........... ~ 0.76ms
  2026-06-11 05:45:33 /build/assets/loader-circle-DOjfw63j.js ...... ~ 0.07ms
  2026-06-11 05:45:33 /build/assets/GenericCombobox-BrHKnQ91.js .... ~ 0.19ms
  2026-06-11 05:45:33 /build/assets/index-Bq72hOse.js .............. ~ 0.25ms
  2026-06-11 05:45:33 /build/assets/check-CMDVCFnE.js .............. ~ 0.38ms
  2026-06-11 05:45:33 /build/assets/select-ZytnwyOG.js ............. ~ 0.56ms
  2026-06-11 05:45:33 /build/assets/index-u_Y0mYO9.js .............. ~ 0.56ms
  2026-06-11 05:45:33 /build/assets/index-DfnlAyco.js .............. ~ 0.06ms
  2026-06-11 05:45:33 /build/assets/dropdown-menu-B3sdb_1k.js ...... ~ 0.20ms
  2026-06-11 05:45:33 /build/assets/index-Bhz_ry2-.js .............. ~ 0.28ms
  2026-06-11 05:45:33 /build/assets/settings-CU2FFVI1.js ........... ~ 0.41ms
  2026-06-11 05:45:33 /build/assets/app-logo-icon-DDrT6k0I.js ...... ~ 0.52ms
  2026-06-11 05:45:33 /build/assets/building-2-BX2w2S2B.js ......... ~ 0.64ms
  2026-06-11 05:45:33 /build/assets/app-CTtEV4y4.css ............... ~ 0.03ms
  2026-06-11 05:45:33 /logo.png .................................... ~ 0.03ms
