npm warn Unknown project config "public-hoist-pattern". This will stop working in the next major version of npm. See `npm help npmrc` for supported config options.

> dev
> vite

10:24:58 AM [vite] (client) info: Types generated for actions, routes, form variants
  Plugin: @laravel/vite-plugin-wayfinder
Port 5173 is in use, trying another one...

  VITE v7.3.1  ready in 1932 ms

  ➜  Local:   http://localhost:5174/
  ➜  Network: use --host to expose

  LARAVEL v12.56.0  plugin v2.1.0

  ➜  APP_URL: http://localhost
10:28:59 AM [vite] (client) hmr update /resources/js/pages/Requirements/form.tsx, /resources/css/app.css
10:41:58 AM [vite] (client) hmr update /resources/js/pages/Requirements/Create.tsx, /resources/css/app.css
10:42:26 AM [vite] (client) hmr update /resources/css/app.css
10:43:00 AM [vite] (client) hmr update /resources/js/pages/Requirements/form.tsx, /resources/css/app.css
10:43:35 AM [vite] (client) hmr update /resources/js/pages/auth/login.tsx
10:43:35 AM [vite] (client) page reload resources/js/routes/password/confirm/index.ts
10:43:35 AM [vite] (client) hmr update /resources/js/layouts/auth/auth-simple-layout.tsx, /resources/js/pages/dashboard.tsx, /resources/js/components/user-menu-content.tsx
10:43:35 AM [vite] (client) hmr update /resources/js/pages/auth/login.tsx
10:43:35 AM [vite] (client) hmr update /resources/js/layouts/auth/auth-simple-layout.tsx, /resources/js/pages/dashboard.tsx, /resources/js/components/user-menu-content.tsx
10:43:35 AM [vite] (client) hmr update /resources/js/pages/auth/login.tsx
10:43:35 AM [vite] (client) hmr update /resources/js/pages/auth/login.tsx
10:43:35 AM [vite] (client) page reload resources/js/wayfinder/index.ts
10:43:35 AM [vite] (client) page reload resources/js/routes/password/confirm/index.ts
